#
# There is insufficient memory for the Java Runtime Environment to continue.
# Native memory allocation (malloc) failed to allocate 32744 bytes. Error detail: Chunk::new
# Possible reasons:
#   The system is out of physical RAM or swap space
#   This process is running with CompressedOops enabled, and the Java Heap may be blocking the growth of the native heap
# Possible solutions:
#   Reduce memory load on the system
#   Increase physical memory or swap space
#   Check if swap backing store is full
#   Decrease Java heap size (-Xmx/-Xms)
#   Decrease number of Java threads
#   Decrease Java thread stack sizes (-Xss)
#   Set larger code cache with -XX:ReservedCodeCacheSize=
#   JVM is running with Unscaled Compressed Oops mode in which the Java heap is
#     placed in the first 4GB address space. The Java Heap base address is the
#     maximum limit for the native heap growth. Please use -XX:HeapBaseMinAddress
#     to set the Java Heap base and to place the Java Heap above 4GB virtual address.
# This output file may be truncated or incomplete.
#
#  Out of Memory Error (arena.cpp:168), pid=33592, tid=34804
#
# JRE version: OpenJDK Runtime Environment Temurin-21.0.6+7 (21.0.6+7) (build 21.0.6+7-LTS)
# Java VM: OpenJDK 64-Bit Server VM Temurin-21.0.6+7 (21.0.6+7-LTS, mixed mode, sharing, tiered, compressed oops, compressed class ptrs, g1 gc, windows-amd64)
# No core dump will be written. Minidumps are not enabled by default on client versions of Windows
#

---------------  S U M M A R Y ------------

Command Line: org.jetbrains.kotlin.cli.jvm.K2JVMCompiler @C:\Users\richa\Documents\GitHub\MusicPlayer\node_modules\expo-modules-core\android\build\20250325_18260245377684247238.compiler.options

Host: Intel(R) Core(TM) i3-10110U CPU @ 2.10GHz, 4 cores, 3G,  Windows 11 , 64 bit Build 22621 (10.0.22621.4830)
Time: Tue Mar 25 07:06:50 2025 Hora oficial do Brasil elapsed time: 201.859358 seconds (0d 0h 3m 21s)

---------------  T H R E A D  ---------------

Current thread (0x00000181f536d5b0):  JavaThread "C2 CompilerThread0" daemon [_thread_in_native, id=34804, stack(0x00000039a4100000,0x00000039a4200000) (1024K)]


Current CompileTask:
C2:201860 13439       4       org.jetbrains.kotlin.resolve.calls.inference.components.ConstraintInjector$TypeCheckerStateForConstraintInjector::runIsSubtypeOf (148 bytes)

Stack: [0x00000039a4100000,0x00000039a4200000]
Native frames: (J=compiled Java code, j=interpreted, Vv=VM code, C=native code)
V  [jvm.dll+0x6cdee9]
V  [jvm.dll+0x8a83d1]
V  [jvm.dll+0x8aa8fe]
V  [jvm.dll+0x8aafe3]
V  [jvm.dll+0x27f706]
V  [jvm.dll+0xc500d]
V  [jvm.dll+0xc5543]
V  [jvm.dll+0x6f9aec]
V  [jvm.dll+0x1e00d6]
V  [jvm.dll+0x247b42]
V  [jvm.dll+0x246fcf]
V  [jvm.dll+0x1c75ee]
V  [jvm.dll+0x25685a]
V  [jvm.dll+0x254dfa]
V  [jvm.dll+0x3f0256]
V  [jvm.dll+0x851f8b]
V  [jvm.dll+0x6cc5ed]
C  [ucrtbase.dll+0x29333]
C  [KERNEL32.DLL+0x1259d]
C  [ntdll.dll+0x5af38]


---------------  P R O C E S S  ---------------

Threads class SMR info:
_java_thread_list=0x00000181f540db10, length=11, elements={
0x00000181e94efc60, 0x00000181f5363b50, 0x00000181f5364c10, 0x00000181f5368930,
0x00000181f5369380, 0x00000181f5369dd0, 0x00000181f536a820, 0x00000181f536d5b0,
0x00000181f53d89a0, 0x00000181f54448b0, 0x00000181f542e620
}

Java Threads: ( => current thread )
  0x00000181e94efc60 JavaThread "main"                              [_thread_in_Java, id=35868, stack(0x00000039a3300000,0x00000039a3400000) (1024K)]
  0x00000181f5363b50 JavaThread "Reference Handler"          daemon [_thread_blocked, id=35432, stack(0x00000039a3b00000,0x00000039a3c00000) (1024K)]
  0x00000181f5364c10 JavaThread "Finalizer"                  daemon [_thread_blocked, id=31472, stack(0x00000039a3c00000,0x00000039a3d00000) (1024K)]
  0x00000181f5368930 JavaThread "Signal Dispatcher"          daemon [_thread_blocked, id=8996, stack(0x00000039a3d00000,0x00000039a3e00000) (1024K)]
  0x00000181f5369380 JavaThread "Attach Listener"            daemon [_thread_blocked, id=11604, stack(0x00000039a3e00000,0x00000039a3f00000) (1024K)]
  0x00000181f5369dd0 JavaThread "Service Thread"             daemon [_thread_blocked, id=13500, stack(0x00000039a3f00000,0x00000039a4000000) (1024K)]
  0x00000181f536a820 JavaThread "Monitor Deflation Thread"   daemon [_thread_blocked, id=34128, stack(0x00000039a4000000,0x00000039a4100000) (1024K)]
=>0x00000181f536d5b0 JavaThread "C2 CompilerThread0"         daemon [_thread_in_native, id=34804, stack(0x00000039a4100000,0x00000039a4200000) (1024K)]
  0x00000181f53d89a0 JavaThread "C1 CompilerThread0"         daemon [_thread_blocked, id=33684, stack(0x00000039a4200000,0x00000039a4300000) (1024K)]
  0x00000181f54448b0 JavaThread "Notification Thread"        daemon [_thread_blocked, id=32912, stack(0x00000039a4300000,0x00000039a4400000) (1024K)]
  0x00000181f542e620 JavaThread "Common-Cleaner"             daemon [_thread_blocked, id=19532, stack(0x00000039a4400000,0x00000039a4500000) (1024K)]
Total: 11

Other Threads:
  0x00000181e95ae7f0 VMThread "VM Thread"                           [id=35464, stack(0x00000039a3a00000,0x00000039a3b00000) (1024K)]
  0x00000181f534da20 WatcherThread "VM Periodic Task Thread"        [id=29408, stack(0x00000039a3900000,0x00000039a3a00000) (1024K)]
  0x00000181e9526360 WorkerThread "GC Thread#0"                     [id=23480, stack(0x00000039a3400000,0x00000039a3500000) (1024K)]
  0x00000181fa10eee0 WorkerThread "GC Thread#1"                     [id=28572, stack(0x00000039a4500000,0x00000039a4600000) (1024K)]
  0x00000181fa114950 WorkerThread "GC Thread#2"                     [id=32072, stack(0x00000039a4600000,0x00000039a4700000) (1024K)]
  0x00000181fa08def0 WorkerThread "GC Thread#3"                     [id=20072, stack(0x00000039a4700000,0x00000039a4800000) (1024K)]
  0x00000181e95301d0 ConcurrentGCThread "G1 Main Marker"            [id=26840, stack(0x00000039a3500000,0x00000039a3600000) (1024K)]
  0x00000181e9530e80 WorkerThread "G1 Conc#0"                       [id=24376, stack(0x00000039a3600000,0x00000039a3700000) (1024K)]
  0x00000181e9586ce0 ConcurrentGCThread "G1 Refine#0"               [id=33192, stack(0x00000039a3700000,0x00000039a3800000) (1024K)]
  0x00000181e9587850 ConcurrentGCThread "G1 Service"                [id=16328, stack(0x00000039a3800000,0x00000039a3900000) (1024K)]
Total: 10

Threads with active compile tasks:
C2 CompilerThread0  202239 13439       4       org.jetbrains.kotlin.resolve.calls.inference.components.ConstraintInjector$TypeCheckerStateForConstraintInjector::runIsSubtypeOf (148 bytes)
Total: 1

VM state: not at safepoint (normal execution)

VM Mutex/Monitor currently owned by a thread: None

Heap address: 0x00000000c2c00000, size: 980 MB, Compressed Oops mode: 32-bit

CDS archive(s) mapped at: [0x000001818f000000-0x000001818fc80000-0x000001818fc80000), size 13107200, SharedBaseAddress: 0x000001818f000000, ArchiveRelocationMode: 1.
Compressed class space mapped at: 0x0000018190000000-0x00000181d0000000, reserved size: 1073741824
Narrow klass base: 0x000001818f000000, Narrow klass shift: 0, Narrow klass range: 0x100000000

GC Precious Log:
 CardTable entry size: 512
 Card Set container configuration: InlinePtr #cards 5 size 8 Array Of Cards #cards 12 size 40 Howl #buckets 4 coarsen threshold 1843 Howl Bitmap #cards 512 size 80 coarsen threshold 460 Card regions per heap region 1 cards per card region 2048
 CPUs: 4 total, 4 available
 Memory: 3918M
 Large Page Support: Disabled
 NUMA Support: Disabled
 Compressed Oops: Enabled (32-bit)
 Heap Region Size: 1M
 Heap Min Capacity: 8M
 Heap Initial Capacity: 62M
 Heap Max Capacity: 980M
 Pre-touch: Disabled
 Parallel Workers: 4
 Concurrent Workers: 1
 Concurrent Refinement Workers: 4
 Periodic GC: Disabled

Heap:
 garbage-first heap   total 133120K, used 97997K [0x00000000c2c00000, 0x0000000100000000)
  region size 1024K, 20 young (20480K), 6 survivors (6144K)
 Metaspace       used 58968K, committed 59776K, reserved 1114112K
  class space    used 6608K, committed 7040K, reserved 1048576K

Heap Regions: E=young(eden), S=young(survivor), O=old, HS=humongous(starts), HC=humongous(continues), CS=collection set, F=free, TAMS=top-at-mark-start, PB=parsable bottom
|   0|0x00000000c2c00000, 0x00000000c2d00000, 0x00000000c2d00000|100%|HS|  |TAMS 0x00000000c2c00000| PB 0x00000000c2c00000| Complete 
|   1|0x00000000c2d00000, 0x00000000c2e00000, 0x00000000c2e00000|100%|HC|  |TAMS 0x00000000c2d00000| PB 0x00000000c2d00000| Complete 
|   2|0x00000000c2e00000, 0x00000000c2f00000, 0x00000000c2f00000|100%|HC|  |TAMS 0x00000000c2e00000| PB 0x00000000c2e00000| Complete 
|   3|0x00000000c2f00000, 0x00000000c3000000, 0x00000000c3000000|100%|HC|  |TAMS 0x00000000c2f00000| PB 0x00000000c2f00000| Complete 
|   4|0x00000000c3000000, 0x00000000c3100000, 0x00000000c3100000|100%| O|  |TAMS 0x00000000c3000000| PB 0x00000000c3000000| Untracked 
|   5|0x00000000c3100000, 0x00000000c3200000, 0x00000000c3200000|100%| O|  |TAMS 0x00000000c3100000| PB 0x00000000c3100000| Untracked 
|   6|0x00000000c3200000, 0x00000000c3300000, 0x00000000c3300000|100%| O|  |TAMS 0x00000000c3200000| PB 0x00000000c3200000| Untracked 
|   7|0x00000000c3300000, 0x00000000c3400000, 0x00000000c3400000|100%| O|  |TAMS 0x00000000c3300000| PB 0x00000000c3300000| Untracked 
|   8|0x00000000c3400000, 0x00000000c3500000, 0x00000000c3500000|100%| O|  |TAMS 0x00000000c3400000| PB 0x00000000c3400000| Untracked 
|   9|0x00000000c3500000, 0x00000000c3600000, 0x00000000c3600000|100%| O|  |TAMS 0x00000000c3500000| PB 0x00000000c3500000| Untracked 
|  10|0x00000000c3600000, 0x00000000c3700000, 0x00000000c3700000|100%| O|  |TAMS 0x00000000c3600000| PB 0x00000000c3600000| Untracked 
|  11|0x00000000c3700000, 0x00000000c3800000, 0x00000000c3800000|100%| O|  |TAMS 0x00000000c3700000| PB 0x00000000c3700000| Untracked 
|  12|0x00000000c3800000, 0x00000000c3900000, 0x00000000c3900000|100%| O|  |TAMS 0x00000000c3800000| PB 0x00000000c3800000| Untracked 
|  13|0x00000000c3900000, 0x00000000c3a00000, 0x00000000c3a00000|100%| O|  |TAMS 0x00000000c3900000| PB 0x00000000c3900000| Untracked 
|  14|0x00000000c3a00000, 0x00000000c3b00000, 0x00000000c3b00000|100%| O|  |TAMS 0x00000000c3a00000| PB 0x00000000c3a00000| Untracked 
|  15|0x00000000c3b00000, 0x00000000c3c00000, 0x00000000c3c00000|100%| O|  |TAMS 0x00000000c3b00000| PB 0x00000000c3b00000| Untracked 
|  16|0x00000000c3c00000, 0x00000000c3d00000, 0x00000000c3d00000|100%| O|  |TAMS 0x00000000c3c00000| PB 0x00000000c3c00000| Untracked 
|  17|0x00000000c3d00000, 0x00000000c3e00000, 0x00000000c3e00000|100%| O|  |TAMS 0x00000000c3d00000| PB 0x00000000c3d00000| Untracked 
|  18|0x00000000c3e00000, 0x00000000c3f00000, 0x00000000c3f00000|100%| O|  |TAMS 0x00000000c3e00000| PB 0x00000000c3e00000| Untracked 
|  19|0x00000000c3f00000, 0x00000000c4000000, 0x00000000c4000000|100%| O|  |TAMS 0x00000000c3f00000| PB 0x00000000c3f00000| Untracked 
|  20|0x00000000c4000000, 0x00000000c4100000, 0x00000000c4100000|100%| O|  |TAMS 0x00000000c4000000| PB 0x00000000c4000000| Untracked 
|  21|0x00000000c4100000, 0x00000000c4200000, 0x00000000c4200000|100%| O|  |TAMS 0x00000000c4100000| PB 0x00000000c4100000| Untracked 
|  22|0x00000000c4200000, 0x00000000c4300000, 0x00000000c4300000|100%| O|  |TAMS 0x00000000c4200000| PB 0x00000000c4200000| Untracked 
|  23|0x00000000c4300000, 0x00000000c4400000, 0x00000000c4400000|100%| O|  |TAMS 0x00000000c4300000| PB 0x00000000c4300000| Untracked 
|  24|0x00000000c4400000, 0x00000000c4500000, 0x00000000c4500000|100%| O|  |TAMS 0x00000000c4400000| PB 0x00000000c4400000| Untracked 
|  25|0x00000000c4500000, 0x00000000c4600000, 0x00000000c4600000|100%|HS|  |TAMS 0x00000000c4500000| PB 0x00000000c4500000| Complete 
|  26|0x00000000c4600000, 0x00000000c4700000, 0x00000000c4700000|100%|HC|  |TAMS 0x00000000c4600000| PB 0x00000000c4600000| Complete 
|  27|0x00000000c4700000, 0x00000000c4800000, 0x00000000c4800000|100%| O|  |TAMS 0x00000000c4700000| PB 0x00000000c4700000| Untracked 
|  28|0x00000000c4800000, 0x00000000c4900000, 0x00000000c4900000|100%| O|  |TAMS 0x00000000c4800000| PB 0x00000000c4800000| Untracked 
|  29|0x00000000c4900000, 0x00000000c4a00000, 0x00000000c4a00000|100%| O|  |TAMS 0x00000000c4900000| PB 0x00000000c4900000| Untracked 
|  30|0x00000000c4a00000, 0x00000000c4b00000, 0x00000000c4b00000|100%| O|  |TAMS 0x00000000c4a00000| PB 0x00000000c4a00000| Untracked 
|  31|0x00000000c4b00000, 0x00000000c4c00000, 0x00000000c4c00000|100%| O|  |TAMS 0x00000000c4b00000| PB 0x00000000c4b00000| Untracked 
|  32|0x00000000c4c00000, 0x00000000c4d00000, 0x00000000c4d00000|100%| O|  |TAMS 0x00000000c4c00000| PB 0x00000000c4c00000| Untracked 
|  33|0x00000000c4d00000, 0x00000000c4e00000, 0x00000000c4e00000|100%| O|  |TAMS 0x00000000c4d00000| PB 0x00000000c4d00000| Untracked 
|  34|0x00000000c4e00000, 0x00000000c4f00000, 0x00000000c4f00000|100%| O|  |TAMS 0x00000000c4e00000| PB 0x00000000c4e00000| Untracked 
|  35|0x00000000c4f00000, 0x00000000c5000000, 0x00000000c5000000|100%| O|  |TAMS 0x00000000c4f00000| PB 0x00000000c4f00000| Untracked 
|  36|0x00000000c5000000, 0x00000000c5100000, 0x00000000c5100000|100%| O|  |TAMS 0x00000000c5000000| PB 0x00000000c5000000| Untracked 
|  37|0x00000000c5100000, 0x00000000c5200000, 0x00000000c5200000|100%| O|  |TAMS 0x00000000c5100000| PB 0x00000000c5100000| Untracked 
|  38|0x00000000c5200000, 0x00000000c5300000, 0x00000000c5300000|100%| O|  |TAMS 0x00000000c5200000| PB 0x00000000c5200000| Untracked 
|  39|0x00000000c5300000, 0x00000000c5400000, 0x00000000c5400000|100%| O|  |TAMS 0x00000000c5300000| PB 0x00000000c5300000| Untracked 
|  40|0x00000000c5400000, 0x00000000c5500000, 0x00000000c5500000|100%| O|  |TAMS 0x00000000c5400000| PB 0x00000000c5400000| Untracked 
|  41|0x00000000c5500000, 0x00000000c5600000, 0x00000000c5600000|100%| O|  |TAMS 0x00000000c5500000| PB 0x00000000c5500000| Untracked 
|  42|0x00000000c5600000, 0x00000000c5700000, 0x00000000c5700000|100%| O|  |TAMS 0x00000000c5600000| PB 0x00000000c5600000| Untracked 
|  43|0x00000000c5700000, 0x00000000c5800000, 0x00000000c5800000|100%| O|  |TAMS 0x00000000c5700000| PB 0x00000000c5700000| Untracked 
|  44|0x00000000c5800000, 0x00000000c5900000, 0x00000000c5900000|100%| O|  |TAMS 0x00000000c5800000| PB 0x00000000c5800000| Untracked 
|  45|0x00000000c5900000, 0x00000000c5a00000, 0x00000000c5a00000|100%| O|  |TAMS 0x00000000c5900000| PB 0x00000000c5900000| Untracked 
|  46|0x00000000c5a00000, 0x00000000c5b00000, 0x00000000c5b00000|100%|HS|  |TAMS 0x00000000c5a00000| PB 0x00000000c5a00000| Complete 
|  47|0x00000000c5b00000, 0x00000000c5c00000, 0x00000000c5c00000|100%|HC|  |TAMS 0x00000000c5b00000| PB 0x00000000c5b00000| Complete 
|  48|0x00000000c5c00000, 0x00000000c5d00000, 0x00000000c5d00000|100%| O|  |TAMS 0x00000000c5c00000| PB 0x00000000c5c00000| Untracked 
|  49|0x00000000c5d00000, 0x00000000c5e00000, 0x00000000c5e00000|100%| O|  |TAMS 0x00000000c5d00000| PB 0x00000000c5d00000| Untracked 
|  50|0x00000000c5e00000, 0x00000000c5f00000, 0x00000000c5f00000|100%| O|  |TAMS 0x00000000c5e00000| PB 0x00000000c5e00000| Untracked 
|  51|0x00000000c5f00000, 0x00000000c6000000, 0x00000000c6000000|100%| O|  |TAMS 0x00000000c5f00000| PB 0x00000000c5f00000| Untracked 
|  52|0x00000000c6000000, 0x00000000c6100000, 0x00000000c6100000|100%| O|  |TAMS 0x00000000c6000000| PB 0x00000000c6000000| Untracked 
|  53|0x00000000c6100000, 0x00000000c6200000, 0x00000000c6200000|100%| O|  |TAMS 0x00000000c6100000| PB 0x00000000c6100000| Untracked 
|  54|0x00000000c6200000, 0x00000000c6300000, 0x00000000c6300000|100%| O|  |TAMS 0x00000000c6200000| PB 0x00000000c6200000| Untracked 
|  55|0x00000000c6300000, 0x00000000c6400000, 0x00000000c6400000|100%| O|  |TAMS 0x00000000c6300000| PB 0x00000000c6300000| Untracked 
|  56|0x00000000c6400000, 0x00000000c6500000, 0x00000000c6500000|100%| O|  |TAMS 0x00000000c6400000| PB 0x00000000c6400000| Untracked 
|  57|0x00000000c6500000, 0x00000000c6600000, 0x00000000c6600000|100%| O|  |TAMS 0x00000000c6500000| PB 0x00000000c6500000| Untracked 
|  58|0x00000000c6600000, 0x00000000c6700000, 0x00000000c6700000|100%| O|  |TAMS 0x00000000c6600000| PB 0x00000000c6600000| Untracked 
|  59|0x00000000c6700000, 0x00000000c6700000, 0x00000000c6800000|  0%| F|  |TAMS 0x00000000c6700000| PB 0x00000000c6700000| Untracked 
|  60|0x00000000c6800000, 0x00000000c6900000, 0x00000000c6900000|100%| O|  |TAMS 0x00000000c6800000| PB 0x00000000c6800000| Untracked 
|  61|0x00000000c6900000, 0x00000000c6a00000, 0x00000000c6a00000|100%| O|  |TAMS 0x00000000c6900000| PB 0x00000000c6900000| Untracked 
|  62|0x00000000c6a00000, 0x00000000c6b00000, 0x00000000c6b00000|100%| O|  |TAMS 0x00000000c6a00000| PB 0x00000000c6a00000| Untracked 
|  63|0x00000000c6b00000, 0x00000000c6c00000, 0x00000000c6c00000|100%| O|  |TAMS 0x00000000c6b00000| PB 0x00000000c6b00000| Untracked 
|  64|0x00000000c6c00000, 0x00000000c6d00000, 0x00000000c6d00000|100%| O|  |TAMS 0x00000000c6c00000| PB 0x00000000c6c00000| Untracked 
|  65|0x00000000c6d00000, 0x00000000c6e00000, 0x00000000c6e00000|100%| O|  |TAMS 0x00000000c6d00000| PB 0x00000000c6d00000| Untracked 
|  66|0x00000000c6e00000, 0x00000000c6f00000, 0x00000000c6f00000|100%| O|  |TAMS 0x00000000c6e00000| PB 0x00000000c6e00000| Untracked 
|  67|0x00000000c6f00000, 0x00000000c6f00000, 0x00000000c7000000|  0%| F|  |TAMS 0x00000000c6f00000| PB 0x00000000c6f00000| Untracked 
|  68|0x00000000c7000000, 0x00000000c7100000, 0x00000000c7100000|100%| O|  |TAMS 0x00000000c7000000| PB 0x00000000c7000000| Untracked 
|  69|0x00000000c7100000, 0x00000000c7200000, 0x00000000c7200000|100%| O|  |TAMS 0x00000000c7100000| PB 0x00000000c7100000| Untracked 
|  70|0x00000000c7200000, 0x00000000c7300000, 0x00000000c7300000|100%| O|  |TAMS 0x00000000c7200000| PB 0x00000000c7200000| Untracked 
|  71|0x00000000c7300000, 0x00000000c7400000, 0x00000000c7400000|100%| O|  |TAMS 0x00000000c7300000| PB 0x00000000c7300000| Untracked 
|  72|0x00000000c7400000, 0x00000000c7500000, 0x00000000c7500000|100%| O|  |TAMS 0x00000000c7400000| PB 0x00000000c7400000| Untracked 
|  73|0x00000000c7500000, 0x00000000c7600000, 0x00000000c7600000|100%| O|  |TAMS 0x00000000c7500000| PB 0x00000000c7500000| Untracked 
|  74|0x00000000c7600000, 0x00000000c7700000, 0x00000000c7700000|100%| O|  |TAMS 0x00000000c7600000| PB 0x00000000c7600000| Untracked 
|  75|0x00000000c7700000, 0x00000000c7800000, 0x00000000c7800000|100%| O|  |TAMS 0x00000000c7700000| PB 0x00000000c7700000| Untracked 
|  76|0x00000000c7800000, 0x00000000c7900000, 0x00000000c7900000|100%| O|  |TAMS 0x00000000c7800000| PB 0x00000000c7800000| Untracked 
|  77|0x00000000c7900000, 0x00000000c7a00000, 0x00000000c7a00000|100%| O|  |TAMS 0x00000000c7900000| PB 0x00000000c7900000| Untracked 
|  78|0x00000000c7a00000, 0x00000000c7ab3740, 0x00000000c7b00000| 70%| O|  |TAMS 0x00000000c7a00000| PB 0x00000000c7a00000| Untracked 
|  79|0x00000000c7b00000, 0x00000000c7b00000, 0x00000000c7c00000|  0%| F|  |TAMS 0x00000000c7b00000| PB 0x00000000c7b00000| Untracked 
|  80|0x00000000c7c00000, 0x00000000c7c00000, 0x00000000c7d00000|  0%| F|  |TAMS 0x00000000c7c00000| PB 0x00000000c7c00000| Untracked 
|  81|0x00000000c7d00000, 0x00000000c7e00000, 0x00000000c7e00000|100%| S|CS|TAMS 0x00000000c7d00000| PB 0x00000000c7d00000| Complete 
|  82|0x00000000c7e00000, 0x00000000c7f00000, 0x00000000c7f00000|100%| S|CS|TAMS 0x00000000c7e00000| PB 0x00000000c7e00000| Complete 
|  83|0x00000000c7f00000, 0x00000000c8000000, 0x00000000c8000000|100%| S|CS|TAMS 0x00000000c7f00000| PB 0x00000000c7f00000| Complete 
|  84|0x00000000c8000000, 0x00000000c8100000, 0x00000000c8100000|100%| S|CS|TAMS 0x00000000c8000000| PB 0x00000000c8000000| Complete 
|  85|0x00000000c8100000, 0x00000000c8200000, 0x00000000c8200000|100%| S|CS|TAMS 0x00000000c8100000| PB 0x00000000c8100000| Complete 
|  86|0x00000000c8200000, 0x00000000c8300000, 0x00000000c8300000|100%| S|CS|TAMS 0x00000000c8200000| PB 0x00000000c8200000| Complete 
|  87|0x00000000c8300000, 0x00000000c8300000, 0x00000000c8400000|  0%| F|  |TAMS 0x00000000c8300000| PB 0x00000000c8300000| Untracked 
|  88|0x00000000c8400000, 0x00000000c8400000, 0x00000000c8500000|  0%| F|  |TAMS 0x00000000c8400000| PB 0x00000000c8400000| Untracked 
|  89|0x00000000c8500000, 0x00000000c8500000, 0x00000000c8600000|  0%| F|  |TAMS 0x00000000c8500000| PB 0x00000000c8500000| Untracked 
|  90|0x00000000c8600000, 0x00000000c8600000, 0x00000000c8700000|  0%| F|  |TAMS 0x00000000c8600000| PB 0x00000000c8600000| Untracked 
|  91|0x00000000c8700000, 0x00000000c8700000, 0x00000000c8800000|  0%| F|  |TAMS 0x00000000c8700000| PB 0x00000000c8700000| Untracked 
|  92|0x00000000c8800000, 0x00000000c8800000, 0x00000000c8900000|  0%| F|  |TAMS 0x00000000c8800000| PB 0x00000000c8800000| Untracked 
|  93|0x00000000c8900000, 0x00000000c8900000, 0x00000000c8a00000|  0%| F|  |TAMS 0x00000000c8900000| PB 0x00000000c8900000| Untracked 
|  94|0x00000000c8a00000, 0x00000000c8a00000, 0x00000000c8b00000|  0%| F|  |TAMS 0x00000000c8a00000| PB 0x00000000c8a00000| Untracked 
|  95|0x00000000c8b00000, 0x00000000c8b00000, 0x00000000c8c00000|  0%| F|  |TAMS 0x00000000c8b00000| PB 0x00000000c8b00000| Untracked 
|  96|0x00000000c8c00000, 0x00000000c8c00000, 0x00000000c8d00000|  0%| F|  |TAMS 0x00000000c8c00000| PB 0x00000000c8c00000| Untracked 
|  97|0x00000000c8d00000, 0x00000000c8d00000, 0x00000000c8e00000|  0%| F|  |TAMS 0x00000000c8d00000| PB 0x00000000c8d00000| Untracked 
|  98|0x00000000c8e00000, 0x00000000c8e00000, 0x00000000c8f00000|  0%| F|  |TAMS 0x00000000c8e00000| PB 0x00000000c8e00000| Untracked 
|  99|0x00000000c8f00000, 0x00000000c8f00000, 0x00000000c9000000|  0%| F|  |TAMS 0x00000000c8f00000| PB 0x00000000c8f00000| Untracked 
| 100|0x00000000c9000000, 0x00000000c9000000, 0x00000000c9100000|  0%| F|  |TAMS 0x00000000c9000000| PB 0x00000000c9000000| Untracked 
| 101|0x00000000c9100000, 0x00000000c9100000, 0x00000000c9200000|  0%| F|  |TAMS 0x00000000c9100000| PB 0x00000000c9100000| Untracked 
| 102|0x00000000c9200000, 0x00000000c9200000, 0x00000000c9300000|  0%| F|  |TAMS 0x00000000c9200000| PB 0x00000000c9200000| Untracked 
| 103|0x00000000c9300000, 0x00000000c9300000, 0x00000000c9400000|  0%| F|  |TAMS 0x00000000c9300000| PB 0x00000000c9300000| Untracked 
| 104|0x00000000c9400000, 0x00000000c9400000, 0x00000000c9500000|  0%| F|  |TAMS 0x00000000c9400000| PB 0x00000000c9400000| Untracked 
| 105|0x00000000c9500000, 0x00000000c9500000, 0x00000000c9600000|  0%| F|  |TAMS 0x00000000c9500000| PB 0x00000000c9500000| Untracked 
| 106|0x00000000c9600000, 0x00000000c9600000, 0x00000000c9700000|  0%| F|  |TAMS 0x00000000c9600000| PB 0x00000000c9600000| Untracked 
| 107|0x00000000c9700000, 0x00000000c9700000, 0x00000000c9800000|  0%| F|  |TAMS 0x00000000c9700000| PB 0x00000000c9700000| Untracked 
| 108|0x00000000c9800000, 0x00000000c9800000, 0x00000000c9900000|  0%| F|  |TAMS 0x00000000c9800000| PB 0x00000000c9800000| Untracked 
| 109|0x00000000c9900000, 0x00000000c9900000, 0x00000000c9a00000|  0%| F|  |TAMS 0x00000000c9900000| PB 0x00000000c9900000| Untracked 
| 110|0x00000000c9a00000, 0x00000000c9a00000, 0x00000000c9b00000|  0%| F|  |TAMS 0x00000000c9a00000| PB 0x00000000c9a00000| Untracked 
| 111|0x00000000c9b00000, 0x00000000c9b00000, 0x00000000c9c00000|  0%| F|  |TAMS 0x00000000c9b00000| PB 0x00000000c9b00000| Untracked 
| 112|0x00000000c9c00000, 0x00000000c9c00000, 0x00000000c9d00000|  0%| F|  |TAMS 0x00000000c9c00000| PB 0x00000000c9c00000| Untracked 
| 113|0x00000000c9d00000, 0x00000000c9d00000, 0x00000000c9e00000|  0%| F|  |TAMS 0x00000000c9d00000| PB 0x00000000c9d00000| Untracked 
| 114|0x00000000c9e00000, 0x00000000c9e00000, 0x00000000c9f00000|  0%| F|  |TAMS 0x00000000c9e00000| PB 0x00000000c9e00000| Untracked 
| 115|0x00000000c9f00000, 0x00000000c9f80000, 0x00000000ca000000| 50%| E|  |TAMS 0x00000000c9f00000| PB 0x00000000c9f00000| Complete 
| 116|0x00000000ca000000, 0x00000000ca100000, 0x00000000ca100000|100%| E|CS|TAMS 0x00000000ca000000| PB 0x00000000ca000000| Complete 
| 117|0x00000000ca100000, 0x00000000ca200000, 0x00000000ca200000|100%| E|CS|TAMS 0x00000000ca100000| PB 0x00000000ca100000| Complete 
| 118|0x00000000ca200000, 0x00000000ca300000, 0x00000000ca300000|100%| E|CS|TAMS 0x00000000ca200000| PB 0x00000000ca200000| Complete 
| 119|0x00000000ca300000, 0x00000000ca400000, 0x00000000ca400000|100%| E|CS|TAMS 0x00000000ca300000| PB 0x00000000ca300000| Complete 
| 120|0x00000000ca400000, 0x00000000ca500000, 0x00000000ca500000|100%| E|CS|TAMS 0x00000000ca400000| PB 0x00000000ca400000| Complete 
| 121|0x00000000ca500000, 0x00000000ca600000, 0x00000000ca600000|100%| E|CS|TAMS 0x00000000ca500000| PB 0x00000000ca500000| Complete 
| 122|0x00000000ca600000, 0x00000000ca700000, 0x00000000ca700000|100%| E|CS|TAMS 0x00000000ca600000| PB 0x00000000ca600000| Complete 
| 123|0x00000000ca700000, 0x00000000ca800000, 0x00000000ca800000|100%| E|CS|TAMS 0x00000000ca700000| PB 0x00000000ca700000| Complete 
| 124|0x00000000ca800000, 0x00000000ca900000, 0x00000000ca900000|100%| E|CS|TAMS 0x00000000ca800000| PB 0x00000000ca800000| Complete 
| 125|0x00000000ca900000, 0x00000000caa00000, 0x00000000caa00000|100%| E|CS|TAMS 0x00000000ca900000| PB 0x00000000ca900000| Complete 
| 126|0x00000000caa00000, 0x00000000cab00000, 0x00000000cab00000|100%| E|CS|TAMS 0x00000000caa00000| PB 0x00000000caa00000| Complete 
| 127|0x00000000cab00000, 0x00000000cac00000, 0x00000000cac00000|100%| E|CS|TAMS 0x00000000cab00000| PB 0x00000000cab00000| Complete 
| 128|0x00000000cac00000, 0x00000000cad00000, 0x00000000cad00000|100%| E|CS|TAMS 0x00000000cac00000| PB 0x00000000cac00000| Complete 
| 129|0x00000000cad00000, 0x00000000cae00000, 0x00000000cae00000|100%| E|CS|TAMS 0x00000000cad00000| PB 0x00000000cad00000| Complete 

Card table byte_map: [0x00000181f1dc0000,0x00000181f1fb0000] _byte_map_base: 0x00000181f17aa000

Marking Bits: (CMBitMap*) 0x00000181e9526a60
 Bits: [0x00000181f1fb0000, 0x00000181f2f00000)

Polling page: 0x00000181e7360000

Metaspace:

Usage:
  Non-class:     51.13 MB used.
      Class:      6.45 MB used.
       Both:     57.59 MB used.

Virtual space:
  Non-class space:       64.00 MB reserved,      51.50 MB ( 80%) committed,  1 nodes.
      Class space:        1.00 GB reserved,       6.88 MB ( <1%) committed,  1 nodes.
             Both:        1.06 GB reserved,      58.38 MB (  5%) committed. 

Chunk freelists:
   Non-Class:  11.75 MB
       Class:  9.17 MB
        Both:  20.92 MB

MaxMetaspaceSize: unlimited
CompressedClassSpaceSize: 1.00 GB
Initial GC threshold: 21.00 MB
Current GC threshold: 93.44 MB
CDS: on
 - commit_granule_bytes: 65536.
 - commit_granule_words: 8192.
 - virtual_space_node_default_size: 8388608.
 - enlarge_chunks_in_place: 1.
 - use_allocation_guard: 0.


Internal statistics:

num_allocs_failed_limit: 6.
num_arena_births: 1322.
num_arena_deaths: 0.
num_vsnodes_births: 2.
num_vsnodes_deaths: 0.
num_space_committed: 932.
num_space_uncommitted: 0.
num_chunks_returned_to_freelist: 6.
num_chunks_taken_from_freelist: 3718.
num_chunk_merges: 6.
num_chunk_splits: 2697.
num_chunks_enlarged: 2032.
num_inconsistent_stats: 0.

CodeHeap 'non-profiled nmethods': size=120000Kb used=8774Kb max_used=8774Kb free=111225Kb
 bounds [0x0000018187ad0000, 0x0000018188370000, 0x000001818f000000]
CodeHeap 'profiled nmethods': size=120000Kb used=36338Kb max_used=36338Kb free=83661Kb
 bounds [0x0000018180000000, 0x0000018182380000, 0x0000018187530000]
CodeHeap 'non-nmethods': size=5760Kb used=1602Kb max_used=1686Kb free=4157Kb
 bounds [0x0000018187530000, 0x00000181877a0000, 0x0000018187ad0000]
 total_blobs=12318 nmethods=11677 adapters=542
 compilation: enabled
              stopped_count=0, restarted_count=0
 full_count=0

Compilation events (20 events):
Event: 201.181 Thread 0x00000181f53d89a0 nmethod 13467 0x0000018182363810 code [0x00000181823639c0, 0x0000018182363b98]
Event: 201.181 Thread 0x00000181f53d89a0 13468       3       org.jetbrains.kotlin.resolve.calls.checkers.DslScopeViolationCallChecker$checkCallImplicitReceiver$receiversUntilOneFromTheCall$3::<init> (11 bytes)
Event: 201.181 Thread 0x00000181f53d89a0 nmethod 13468 0x0000018182363c90 code [0x0000018182363e40, 0x0000018182364068]
Event: 201.243 Thread 0x00000181f53d89a0 13469       3       org.jetbrains.kotlin.resolve.calls.model.KotlinCallKt::checkReceiverInvariants (127 bytes)
Event: 201.244 Thread 0x00000181f53d89a0 nmethod 13469 0x0000018182364190 code [0x0000018182364360, 0x00000181823646a0]
Event: 201.337 Thread 0x00000181f53d89a0 13470       3       org.jetbrains.kotlin.types.expressions.PreliminaryDeclarationVisitor$lazyTrigger$2::<init> (11 bytes)
Event: 201.337 Thread 0x00000181f53d89a0 nmethod 13470 0x0000018182364790 code [0x0000018182364940, 0x0000018182364b68]
Event: 201.365 Thread 0x00000181f53d89a0 13471       3       org.jetbrains.kotlin.types.expressions.BasicExpressionTypingVisitor::isLValueOrUnsafeReceiver (71 bytes)
Event: 201.366 Thread 0x00000181f53d89a0 nmethod 13471 0x0000018182364c90 code [0x0000018182364ee0, 0x0000018182365928]
Event: 201.366 Thread 0x00000181f53d89a0 13472       1       org.jetbrains.kotlin.resolve.scopes.receivers.ClassValueReceiver::getType (5 bytes)
Event: 201.366 Thread 0x00000181f53d89a0 nmethod 13472 0x0000018188361490 code [0x0000018188361620, 0x00000181883616e8]
Event: 201.471 Thread 0x00000181f53d89a0 13474       3       org.jetbrains.kotlin.com.intellij.psi.AbstractFileViewProvider::getPsi (65 bytes)
Event: 201.478 Thread 0x00000181f53d89a0 nmethod 13474 0x0000018182365b90 code [0x0000018182365de0, 0x0000018182366668]
Event: 201.486 Thread 0x00000181f53d89a0 13475       1       org.jetbrains.kotlin.resolve.calls.model.ResolvedSubCallArgument::getAtom (5 bytes)
Event: 201.487 Thread 0x00000181f53d89a0 nmethod 13475 0x0000018188361790 code [0x0000018188361920, 0x00000181883619e8]
Event: 201.492 Thread 0x00000181f53d89a0 13476       3       org.jetbrains.kotlin.types.checker.ClassicTypeSystemContext$DefaultImpls::createTypeArgument (97 bytes)
Event: 201.495 Thread 0x00000181f53d89a0 nmethod 13476 0x0000018182366910 code [0x0000018182366d40, 0x0000018182368788]
Event: 201.497 Thread 0x00000181f53d89a0 13477       3       org.jetbrains.kotlin.resolve.calls.inference.components.ConstraintInjector$TypeCheckerStateForConstraintInjector::addNewIncorporatedConstraint$runIsSubtypeOf (10 bytes)
Event: 201.497 Thread 0x00000181f53d89a0 nmethod 13477 0x0000018182369110 code [0x00000181823692c0, 0x00000181823693e0]
Event: 201.697 Thread 0x00000181f53d89a0 13478   !   3       org.jetbrains.kotlin.com.intellij.psi.SingleRootFileViewProvider::createFile (44 bytes)

GC Heap History (20 events):
Event: 120.734 GC heap before
{Heap before GC invocations=21 (full 0):
 garbage-first heap   total 96256K, used 68386K [0x00000000c2c00000, 0x0000000100000000)
  region size 1024K, 15 young (15360K), 3 survivors (3072K)
 Metaspace       used 52339K, committed 53120K, reserved 1114112K
  class space    used 6169K, committed 6528K, reserved 1048576K
}
Event: 120.772 GC heap after
{Heap after GC invocations=22 (full 0):
 garbage-first heap   total 96256K, used 60416K [0x00000000c2c00000, 0x0000000100000000)
  region size 1024K, 2 young (2048K), 2 survivors (2048K)
 Metaspace       used 52339K, committed 53120K, reserved 1114112K
  class space    used 6169K, committed 6528K, reserved 1048576K
}
Event: 125.175 GC heap before
{Heap before GC invocations=22 (full 0):
 garbage-first heap   total 96256K, used 83968K [0x00000000c2c00000, 0x0000000100000000)
  region size 1024K, 25 young (25600K), 2 survivors (2048K)
 Metaspace       used 53368K, committed 54144K, reserved 1114112K
  class space    used 6216K, committed 6592K, reserved 1048576K
}
Event: 125.215 GC heap after
{Heap after GC invocations=23 (full 0):
 garbage-first heap   total 96256K, used 64216K [0x00000000c2c00000, 0x0000000100000000)
  region size 1024K, 4 young (4096K), 4 survivors (4096K)
 Metaspace       used 53368K, committed 54144K, reserved 1114112K
  class space    used 6216K, committed 6592K, reserved 1048576K
}
Event: 129.873 GC heap before
{Heap before GC invocations=23 (full 0):
 garbage-first heap   total 96256K, used 84696K [0x00000000c2c00000, 0x0000000100000000)
  region size 1024K, 24 young (24576K), 4 survivors (4096K)
 Metaspace       used 53861K, committed 54592K, reserved 1114112K
  class space    used 6223K, committed 6592K, reserved 1048576K
}
Event: 129.920 GC heap after
{Heap after GC invocations=24 (full 0):
 garbage-first heap   total 96256K, used 68608K [0x00000000c2c00000, 0x0000000100000000)
  region size 1024K, 3 young (3072K), 3 survivors (3072K)
 Metaspace       used 53861K, committed 54592K, reserved 1114112K
  class space    used 6223K, committed 6592K, reserved 1048576K
}
Event: 131.853 GC heap before
{Heap before GC invocations=24 (full 0):
 garbage-first heap   total 96256K, used 86016K [0x00000000c2c00000, 0x0000000100000000)
  region size 1024K, 20 young (20480K), 3 survivors (3072K)
 Metaspace       used 53899K, committed 54656K, reserved 1114112K
  class space    used 6223K, committed 6592K, reserved 1048576K
}
Event: 131.882 GC heap after
{Heap after GC invocations=25 (full 0):
 garbage-first heap   total 96256K, used 72112K [0x00000000c2c00000, 0x0000000100000000)
  region size 1024K, 3 young (3072K), 3 survivors (3072K)
 Metaspace       used 53899K, committed 54656K, reserved 1114112K
  class space    used 6223K, committed 6592K, reserved 1048576K
}
Event: 135.728 GC heap before
{Heap before GC invocations=26 (full 0):
 garbage-first heap   total 121856K, used 85424K [0x00000000c2c00000, 0x0000000100000000)
  region size 1024K, 16 young (16384K), 3 survivors (3072K)
 Metaspace       used 54196K, committed 54976K, reserved 1114112K
  class space    used 6241K, committed 6656K, reserved 1048576K
}
Event: 135.753 GC heap after
{Heap after GC invocations=27 (full 0):
 garbage-first heap   total 121856K, used 74081K [0x00000000c2c00000, 0x0000000100000000)
  region size 1024K, 2 young (2048K), 2 survivors (2048K)
 Metaspace       used 54196K, committed 54976K, reserved 1114112K
  class space    used 6241K, committed 6656K, reserved 1048576K
}
Event: 144.523 GC heap before
{Heap before GC invocations=27 (full 0):
 garbage-first heap   total 121856K, used 106849K [0x00000000c2c00000, 0x0000000100000000)
  region size 1024K, 33 young (33792K), 2 survivors (2048K)
 Metaspace       used 55316K, committed 56128K, reserved 1114112K
  class space    used 6326K, committed 6720K, reserved 1048576K
}
Event: 144.560 GC heap after
{Heap after GC invocations=28 (full 0):
 garbage-first heap   total 121856K, used 76800K [0x00000000c2c00000, 0x0000000100000000)
  region size 1024K, 5 young (5120K), 5 survivors (5120K)
 Metaspace       used 55316K, committed 56128K, reserved 1114112K
  class space    used 6326K, committed 6720K, reserved 1048576K
}
Event: 151.545 GC heap before
{Heap before GC invocations=28 (full 0):
 garbage-first heap   total 121856K, used 107520K [0x00000000c2c00000, 0x0000000100000000)
  region size 1024K, 35 young (35840K), 5 survivors (5120K)
 Metaspace       used 56269K, committed 57088K, reserved 1114112K
  class space    used 6397K, committed 6784K, reserved 1048576K
}
Event: 151.643 GC heap after
{Heap after GC invocations=29 (full 0):
 garbage-first heap   total 121856K, used 79079K [0x00000000c2c00000, 0x0000000100000000)
  region size 1024K, 2 young (2048K), 2 survivors (2048K)
 Metaspace       used 56269K, committed 57088K, reserved 1114112K
  class space    used 6397K, committed 6784K, reserved 1048576K
}
Event: 157.889 GC heap before
{Heap before GC invocations=29 (full 0):
 garbage-first heap   total 121856K, used 109799K [0x00000000c2c00000, 0x0000000100000000)
  region size 1024K, 32 young (32768K), 2 survivors (2048K)
 Metaspace       used 56617K, committed 57408K, reserved 1114112K
  class space    used 6419K, committed 6784K, reserved 1048576K
}
Event: 157.914 GC heap after
{Heap after GC invocations=30 (full 0):
 garbage-first heap   total 121856K, used 79035K [0x00000000c2c00000, 0x0000000100000000)
  region size 1024K, 2 young (2048K), 2 survivors (2048K)
 Metaspace       used 56617K, committed 57408K, reserved 1114112K
  class space    used 6419K, committed 6784K, reserved 1048576K
}
Event: 168.447 GC heap before
{Heap before GC invocations=31 (full 0):
 garbage-first heap   total 133120K, used 110779K [0x00000000c2c00000, 0x0000000100000000)
  region size 1024K, 33 young (33792K), 2 survivors (2048K)
 Metaspace       used 57143K, committed 57984K, reserved 1114112K
  class space    used 6444K, committed 6848K, reserved 1048576K
}
Event: 168.472 GC heap after
{Heap after GC invocations=32 (full 0):
 garbage-first heap   total 133120K, used 81273K [0x00000000c2c00000, 0x0000000100000000)
  region size 1024K, 4 young (4096K), 4 survivors (4096K)
 Metaspace       used 57143K, committed 57984K, reserved 1114112K
  class space    used 6444K, committed 6848K, reserved 1048576K
}
Event: 194.288 GC heap before
{Heap before GC invocations=32 (full 0):
 garbage-first heap   total 133120K, used 121209K [0x00000000c2c00000, 0x0000000100000000)
  region size 1024K, 43 young (44032K), 4 survivors (4096K)
 Metaspace       used 58747K, committed 59520K, reserved 1114112K
  class space    used 6598K, committed 6976K, reserved 1048576K
}
Event: 194.584 GC heap after
{Heap after GC invocations=33 (full 0):
 garbage-first heap   total 133120K, used 84685K [0x00000000c2c00000, 0x0000000100000000)
  region size 1024K, 6 young (6144K), 6 survivors (6144K)
 Metaspace       used 58747K, committed 59520K, reserved 1114112K
  class space    used 6598K, committed 6976K, reserved 1048576K
}

Dll operation events (7 events):
Event: 0.027 Loaded shared library C:\Users\richa\Downloads\OpenJDK21U-jdk_x64_windows_hotspot_21.0.6_7\jdk-21.0.6+7\bin\java.dll
Event: 0.675 Loaded shared library C:\Users\richa\Downloads\OpenJDK21U-jdk_x64_windows_hotspot_21.0.6_7\jdk-21.0.6+7\bin\jsvml.dll
Event: 1.865 Loaded shared library C:\Users\richa\Downloads\OpenJDK21U-jdk_x64_windows_hotspot_21.0.6_7\jdk-21.0.6+7\bin\net.dll
Event: 1.872 Loaded shared library C:\Users\richa\Downloads\OpenJDK21U-jdk_x64_windows_hotspot_21.0.6_7\jdk-21.0.6+7\bin\nio.dll
Event: 1.961 Loaded shared library C:\Users\richa\Downloads\OpenJDK21U-jdk_x64_windows_hotspot_21.0.6_7\jdk-21.0.6+7\bin\zip.dll
Event: 2.238 Loaded shared library C:\Users\richa\Downloads\OpenJDK21U-jdk_x64_windows_hotspot_21.0.6_7\jdk-21.0.6+7\bin\jimage.dll
Event: 14.928 Loaded shared library C:\Users\richa\Downloads\OpenJDK21U-jdk_x64_windows_hotspot_21.0.6_7\jdk-21.0.6+7\bin\verify.dll

Deoptimization events (20 events):
Event: 200.566 Thread 0x00000181e94efc60 Uncommon trap: trap_request=0xffffffd6 fr.pc=0x0000018188360da4 relative=0x0000000000000344
Event: 200.566 Thread 0x00000181e94efc60 Uncommon trap: reason=array_check action=maybe_recompile pc=0x0000018188360da4 method=java.util.AbstractCollection.toArray([Ljava/lang/Object;)[Ljava/lang/Object; @ 116 c2
Event: 200.566 Thread 0x00000181e94efc60 DEOPT PACKING pc=0x0000018188360da4 sp=0x00000039a33f93e0
Event: 200.566 Thread 0x00000181e94efc60 DEOPT UNPACKING pc=0x00000181875846a2 sp=0x00000039a33f9370 mode 2
Event: 200.572 Thread 0x00000181e94efc60 Uncommon trap: trap_request=0xffffffd6 fr.pc=0x0000018188360da4 relative=0x0000000000000344
Event: 200.572 Thread 0x00000181e94efc60 Uncommon trap: reason=array_check action=maybe_recompile pc=0x0000018188360da4 method=java.util.AbstractCollection.toArray([Ljava/lang/Object;)[Ljava/lang/Object; @ 116 c2
Event: 200.572 Thread 0x00000181e94efc60 DEOPT PACKING pc=0x0000018188360da4 sp=0x00000039a33f9460
Event: 200.572 Thread 0x00000181e94efc60 DEOPT UNPACKING pc=0x00000181875846a2 sp=0x00000039a33f93f0 mode 2
Event: 200.572 Thread 0x00000181e94efc60 Uncommon trap: trap_request=0xffffffd6 fr.pc=0x0000018188360da4 relative=0x0000000000000344
Event: 200.572 Thread 0x00000181e94efc60 Uncommon trap: reason=array_check action=maybe_recompile pc=0x0000018188360da4 method=java.util.AbstractCollection.toArray([Ljava/lang/Object;)[Ljava/lang/Object; @ 116 c2
Event: 200.572 Thread 0x00000181e94efc60 DEOPT PACKING pc=0x0000018188360da4 sp=0x00000039a33f9460
Event: 200.572 Thread 0x00000181e94efc60 DEOPT UNPACKING pc=0x00000181875846a2 sp=0x00000039a33f93f0 mode 2
Event: 201.118 Thread 0x00000181e94efc60 Uncommon trap: trap_request=0xffffffde fr.pc=0x0000018188340260 relative=0x0000000000004080
Event: 201.118 Thread 0x00000181e94efc60 Uncommon trap: reason=class_check action=maybe_recompile pc=0x0000018188340260 method=org.jetbrains.kotlin.resolve.calls.model.SimpleCandidateFactory.getExplicitDispatchReceiver(Lorg/jetbrains/kotlin/resolve/calls/model/KotlinCall;Lorg/jetbrains/kotlin/re
Event: 201.118 Thread 0x00000181e94efc60 DEOPT PACKING pc=0x0000018188340260 sp=0x00000039a33fa1a0
Event: 201.118 Thread 0x00000181e94efc60 DEOPT UNPACKING pc=0x00000181875846a2 sp=0x00000039a33fa058 mode 2
Event: 201.127 Thread 0x00000181e94efc60 Uncommon trap: trap_request=0xffffff45 fr.pc=0x000001818819c9e8 relative=0x0000000000000788
Event: 201.127 Thread 0x00000181e94efc60 Uncommon trap: reason=unstable_if action=reinterpret pc=0x000001818819c9e8 method=org.jetbrains.kotlin.types.error.ErrorUtils.containsErrorType(Lorg/jetbrains/kotlin/types/KotlinType;)Z @ 1 c2
Event: 201.127 Thread 0x00000181e94efc60 DEOPT PACKING pc=0x000001818819c9e8 sp=0x00000039a33fa930
Event: 201.133 Thread 0x00000181e94efc60 DEOPT UNPACKING pc=0x00000181875846a2 sp=0x00000039a33fa8e0 mode 2

Classes loaded (20 events):
Event: 57.025 Loading class java/util/stream/Sink$ChainedInt done
Event: 57.025 Loading class java/util/stream/IntPipeline$1$1 done
Event: 62.642 Loading class java/security/CodeSigner
Event: 62.642 Loading class java/security/CodeSigner done
Event: 65.110 Loading class java/util/RegularEnumSet$EnumSetIterator
Event: 65.110 Loading class java/util/RegularEnumSet$EnumSetIterator done
Event: 74.891 Loading class java/util/stream/LongStream
Event: 74.892 Loading class java/util/stream/LongStream done
Event: 74.892 Loading class java/util/stream/DoubleStream
Event: 74.894 Loading class java/util/stream/DoubleStream done
Event: 74.895 Loading class java/util/HashMap$EntrySpliterator
Event: 74.898 Loading class java/util/HashMap$EntrySpliterator done
Event: 74.919 Loading class java/util/stream/Nodes$SpinedNodeBuilder
Event: 74.922 Loading class java/util/stream/SpinedBuffer
Event: 74.922 Loading class java/util/stream/AbstractSpinedBuffer
Event: 74.922 Loading class java/util/stream/AbstractSpinedBuffer done
Event: 74.923 Loading class java/util/stream/SpinedBuffer done
Event: 74.923 Loading class java/util/stream/Nodes$SpinedNodeBuilder done
Event: 110.339 Loading class java/util/Collections$2
Event: 110.378 Loading class java/util/Collections$2 done

Classes unloaded (0 events):
No events

Classes redefined (0 events):
No events

Internal exceptions (20 events):
Event: 67.734 Thread 0x00000181e94efc60 Exception <a 'java/lang/NoSuchMethodError'{0x00000000c5d4fd08}: 'java.lang.Object java.lang.invoke.DirectMethodHandle$Holder.invokeSpecial(java.lang.Object, java.lang.Object, java.lang.Object, java.lang.Object, java.lang.Object, java.lang.Object, int)'> (0x00000000c5d4fd08) 
thrown [s\src\hotspot\share\interpreter\linkResolver.cpp, line 773]
Event: 71.937 Thread 0x00000181e94efc60 Implicit null exception at 0x0000018187e00e8c to 0x0000018187e01478
Event: 72.082 Thread 0x00000181e94efc60 Implicit null exception at 0x0000018187cfd080 to 0x0000018187cfd514
Event: 72.653 Thread 0x00000181e94efc60 Implicit null exception at 0x0000018187dae7a0 to 0x0000018187dae9b0
Event: 73.842 Thread 0x00000181e94efc60 Implicit null exception at 0x0000018187b8ce83 to 0x0000018187b8d0e4
Event: 74.902 Thread 0x00000181e94efc60 Exception <a 'java/lang/NoSuchMethodError'{0x00000000c6441f00}: 'void java.lang.invoke.DirectMethodHandle$Holder.invokeInterface(java.lang.Object, java.lang.Object)'> (0x00000000c6441f00) 
thrown [s\src\hotspot\share\interpreter\linkResolver.cpp, line 773]
Event: 76.358 Thread 0x00000181e94efc60 Implicit null exception at 0x0000018187b2b2c0 to 0x0000018187b2b345
Event: 79.077 Thread 0x00000181e94efc60 Exception <a 'java/lang/IncompatibleClassChangeError'{0x00000000c76948c0}: Found class java.lang.Object, but interface was expected> (0x00000000c76948c0) 
thrown [s\src\hotspot\share\interpreter\linkResolver.cpp, line 840]
Event: 80.087 Thread 0x00000181e94efc60 Exception <a 'java/lang/NoSuchMethodError'{0x00000000c73f14c8}: 'int java.lang.invoke.DirectMethodHandle$Holder.invokeInterface(java.lang.Object, java.lang.Object)'> (0x00000000c73f14c8) 
thrown [s\src\hotspot\share\interpreter\linkResolver.cpp, line 773]
Event: 106.234 Thread 0x00000181e94efc60 Exception <a 'java/lang/NoSuchMethodError'{0x00000000c78a1850}: 'java.lang.Object java.lang.invoke.DirectMethodHandle$Holder.invokeSpecial(java.lang.Object, java.lang.Object, int, java.lang.Object, java.lang.Object)'> (0x00000000c78a1850) 
thrown [s\src\hotspot\share\interpreter\linkResolver.cpp, line 773]
Event: 107.519 Thread 0x00000181e94efc60 Exception <a 'java/lang/NoSuchMethodError'{0x00000000c769ac88}: 'java.lang.Object java.lang.invoke.DirectMethodHandle$Holder.invokeInterface(java.lang.Object, java.lang.Object, java.lang.Object)'> (0x00000000c769ac88) 
thrown [s\src\hotspot\share\interpreter\linkResolver.cpp, line 773]
Event: 107.522 Thread 0x00000181e94efc60 Exception <a 'java/lang/IncompatibleClassChangeError'{0x00000000c769e890}: Found class java.lang.Object, but interface was expected> (0x00000000c769e890) 
thrown [s\src\hotspot\share\interpreter\linkResolver.cpp, line 840]
Event: 107.862 Thread 0x00000181e94efc60 Implicit null exception at 0x0000018187cf54a5 to 0x0000018187cf5910
Event: 109.003 Thread 0x00000181e94efc60 Exception <a 'java/lang/NoSuchMethodError'{0x00000000c75b6b20}: 'int java.lang.invoke.DirectMethodHandle$Holder.invokeStaticInit(java.lang.Object, int)'> (0x00000000c75b6b20) 
thrown [s\src\hotspot\share\interpreter\linkResolver.cpp, line 773]
Event: 111.033 Thread 0x00000181e94efc60 Exception <a 'java/lang/NoSuchMethodError'{0x00000000c729c390}: 'java.lang.Object java.lang.invoke.DirectMethodHandle$Holder.invokeStatic(java.lang.Object, int, java.lang.Object)'> (0x00000000c729c390) 
thrown [s\src\hotspot\share\interpreter\linkResolver.cpp, line 773]
Event: 117.767 Thread 0x00000181e94efc60 Exception <a 'java/lang/NoSuchMethodError'{0x00000000c8740e08}: 'java.lang.Object java.lang.invoke.DirectMethodHandle$Holder.invokeStatic(java.lang.Object, int, java.lang.Object, java.lang.Object)'> (0x00000000c8740e08) 
thrown [s\src\hotspot\share\interpreter\linkResolver.cpp, line 773]
Event: 117.788 Thread 0x00000181e94efc60 Exception <a 'java/lang/NoSuchMethodError'{0x00000000c87480d8}: 'java.lang.Object java.lang.invoke.DirectMethodHandle$Holder.newInvokeSpecial(java.lang.Object, int, java.lang.Object)'> (0x00000000c87480d8) 
thrown [s\src\hotspot\share\interpreter\linkResolver.cpp, line 773]
Event: 159.995 Thread 0x00000181e94efc60 Implicit null exception at 0x000001818804986a to 0x000001818804e0b0
Event: 161.884 Thread 0x00000181e94efc60 Implicit null exception at 0x0000018187e5e4a3 to 0x0000018187e5e7b5
Event: 187.001 Thread 0x00000181e94efc60 Implicit null exception at 0x00000181880bb3a4 to 0x00000181880be170

ZGC Phase Switch (0 events):
No events

VM Operations (20 events):
Event: 192.469 Executing VM operation: HandshakeAllThreads (Deoptimize) done
Event: 192.469 Executing VM operation: Cleanup
Event: 192.469 Executing VM operation: Cleanup done
Event: 193.475 Executing VM operation: Cleanup
Event: 193.476 Executing VM operation: Cleanup done
Event: 194.287 Executing VM operation: G1CollectForAllocation (G1 Evacuation Pause)
Event: 194.584 Executing VM operation: G1CollectForAllocation (G1 Evacuation Pause) done
Event: 195.596 Executing VM operation: Cleanup
Event: 195.597 Executing VM operation: Cleanup done
Event: 196.606 Executing VM operation: Cleanup
Event: 196.637 Executing VM operation: Cleanup done
Event: 197.638 Executing VM operation: Cleanup
Event: 197.638 Executing VM operation: Cleanup done
Event: 198.646 Executing VM operation: Cleanup
Event: 198.660 Executing VM operation: Cleanup done
Event: 199.666 Executing VM operation: Cleanup
Event: 199.682 Executing VM operation: Cleanup done
Event: 200.691 Executing VM operation: Cleanup
Event: 200.697 Executing VM operation: Cleanup done
Event: 201.707 Executing VM operation: Cleanup

Memory protections (0 events):
No events

Nmethod flushes (20 events):
Event: 159.368 Thread 0x00000181e95ae7f0 flushing  nmethod 0x0000018180e34410
Event: 159.368 Thread 0x00000181e95ae7f0 flushing  nmethod 0x0000018180e9d810
Event: 159.368 Thread 0x00000181e95ae7f0 flushing  nmethod 0x0000018180ead290
Event: 159.368 Thread 0x00000181e95ae7f0 flushing  nmethod 0x0000018180f8b990
Event: 159.368 Thread 0x00000181e95ae7f0 flushing  nmethod 0x0000018180fd6e10
Event: 159.368 Thread 0x00000181e95ae7f0 flushing  nmethod 0x00000181810b2110
Event: 159.368 Thread 0x00000181e95ae7f0 flushing  nmethod 0x00000181810bd610
Event: 159.368 Thread 0x00000181e95ae7f0 flushing  nmethod 0x0000018181196590
Event: 159.368 Thread 0x00000181e95ae7f0 flushing  nmethod 0x000001818119d090
Event: 159.368 Thread 0x00000181e95ae7f0 flushing  nmethod 0x00000181811e7990
Event: 159.368 Thread 0x00000181e95ae7f0 flushing  nmethod 0x00000181811ed210
Event: 159.368 Thread 0x00000181e95ae7f0 flushing  nmethod 0x0000018181211310
Event: 159.368 Thread 0x00000181e95ae7f0 flushing  nmethod 0x0000018181215210
Event: 159.368 Thread 0x00000181e95ae7f0 flushing  nmethod 0x0000018181215d10
Event: 159.368 Thread 0x00000181e95ae7f0 flushing  nmethod 0x000001818127f510
Event: 159.368 Thread 0x00000181e95ae7f0 flushing  nmethod 0x0000018181285910
Event: 159.369 Thread 0x00000181e95ae7f0 flushing  nmethod 0x00000181812ae610
Event: 159.369 Thread 0x00000181e95ae7f0 flushing  nmethod 0x00000181812d4510
Event: 159.369 Thread 0x00000181e95ae7f0 flushing  nmethod 0x00000181812f1310
Event: 159.369 Thread 0x00000181e95ae7f0 flushing  nmethod 0x0000018181387590

Events (11 events):
Event: 0.235 Thread 0x00000181e94efc60 Thread added: 0x00000181e94efc60
Event: 0.545 Thread 0x00000181e94efc60 Thread added: 0x00000181f5363b50
Event: 0.551 Thread 0x00000181e94efc60 Thread added: 0x00000181f5364c10
Event: 0.551 Thread 0x00000181e94efc60 Thread added: 0x00000181f5368930
Event: 0.552 Thread 0x00000181e94efc60 Thread added: 0x00000181f5369380
Event: 0.552 Thread 0x00000181e94efc60 Thread added: 0x00000181f5369dd0
Event: 0.552 Thread 0x00000181e94efc60 Thread added: 0x00000181f536a820
Event: 0.552 Thread 0x00000181e94efc60 Thread added: 0x00000181f536d5b0
Event: 0.690 Thread 0x00000181e94efc60 Thread added: 0x00000181f53d89a0
Event: 0.921 Thread 0x00000181e94efc60 Thread added: 0x00000181f54448b0
Event: 0.939 Thread 0x00000181e94efc60 Thread added: 0x00000181f542e620


Dynamic libraries:
0x00007ff75ace0000 - 0x00007ff75acee000 	C:\Users\richa\Downloads\OpenJDK21U-jdk_x64_windows_hotspot_21.0.6_7\jdk-21.0.6+7\bin\java.exe
0x00007ff823710000 - 0x00007ff823927000 	C:\WINDOWS\SYSTEM32\ntdll.dll
0x00007ff822150000 - 0x00007ff822214000 	C:\WINDOWS\System32\KERNEL32.DLL
0x00007ff8209f0000 - 0x00007ff820dc0000 	C:\WINDOWS\System32\KERNELBASE.dll
0x00007ff821170000 - 0x00007ff821281000 	C:\WINDOWS\System32\ucrtbase.dll
0x00007ff815610000 - 0x00007ff815628000 	C:\Users\richa\Downloads\OpenJDK21U-jdk_x64_windows_hotspot_21.0.6_7\jdk-21.0.6+7\bin\jli.dll
0x00007ff821f90000 - 0x00007ff82213e000 	C:\WINDOWS\System32\USER32.dll
0x00007ff8209c0000 - 0x00007ff8209e6000 	C:\WINDOWS\System32\win32u.dll
0x00007ff821f60000 - 0x00007ff821f89000 	C:\WINDOWS\System32\GDI32.dll
0x00007ff820fa0000 - 0x00007ff8210bb000 	C:\WINDOWS\System32\gdi32full.dll
0x00007ff820f00000 - 0x00007ff820f9a000 	C:\WINDOWS\System32\msvcp_win.dll
0x00007ff811a60000 - 0x00007ff811a7e000 	C:\Users\richa\Downloads\OpenJDK21U-jdk_x64_windows_hotspot_21.0.6_7\jdk-21.0.6+7\bin\VCRUNTIME140.dll
0x00007ff807fc0000 - 0x00007ff808252000 	C:\WINDOWS\WinSxS\amd64_microsoft.windows.common-controls_6595b64144ccf1df_6.0.22621.4830_none_270fe7d773858e80\COMCTL32.dll
0x00007ff8214f0000 - 0x00007ff821597000 	C:\WINDOWS\System32\msvcrt.dll
0x00007ff821400000 - 0x00007ff821431000 	C:\WINDOWS\System32\IMM32.DLL
0x00007ff8156f0000 - 0x00007ff8156fc000 	C:\Users\richa\Downloads\OpenJDK21U-jdk_x64_windows_hotspot_21.0.6_7\jdk-21.0.6+7\bin\vcruntime140_1.dll
0x00007ff802c50000 - 0x00007ff802cdd000 	C:\Users\richa\Downloads\OpenJDK21U-jdk_x64_windows_hotspot_21.0.6_7\jdk-21.0.6+7\bin\msvcp140.dll
0x00007fffc5960000 - 0x00007fffc66f0000 	C:\Users\richa\Downloads\OpenJDK21U-jdk_x64_windows_hotspot_21.0.6_7\jdk-21.0.6+7\bin\server\jvm.dll
0x00007ff822c50000 - 0x00007ff822d01000 	C:\WINDOWS\System32\ADVAPI32.dll
0x00007ff822ba0000 - 0x00007ff822c47000 	C:\WINDOWS\System32\sechost.dll
0x00007ff8210c0000 - 0x00007ff8210e8000 	C:\WINDOWS\System32\bcrypt.dll
0x00007ff822770000 - 0x00007ff822884000 	C:\WINDOWS\System32\RPCRT4.dll
0x00007ff822d10000 - 0x00007ff822d81000 	C:\WINDOWS\System32\WS2_32.dll
0x00007ff820890000 - 0x00007ff8208dd000 	C:\WINDOWS\SYSTEM32\POWRPROF.dll
0x00007ff811d40000 - 0x00007ff811d74000 	C:\WINDOWS\SYSTEM32\WINMM.dll
0x00007ff8113b0000 - 0x00007ff8113ba000 	C:\WINDOWS\SYSTEM32\VERSION.dll
0x00007ff820870000 - 0x00007ff820883000 	C:\WINDOWS\SYSTEM32\UMPDC.dll
0x00007ff81fa00000 - 0x00007ff81fa18000 	C:\WINDOWS\SYSTEM32\kernel.appcore.dll
0x00007ff80ee60000 - 0x00007ff80ee6a000 	C:\Users\richa\Downloads\OpenJDK21U-jdk_x64_windows_hotspot_21.0.6_7\jdk-21.0.6+7\bin\jimage.dll
0x00007ff81b290000 - 0x00007ff81b4c2000 	C:\WINDOWS\SYSTEM32\DBGHELP.DLL
0x00007ff822230000 - 0x00007ff8225c0000 	C:\WINDOWS\System32\combase.dll
0x00007ff822890000 - 0x00007ff822967000 	C:\WINDOWS\System32\OLEAUT32.dll
0x00007ff802700000 - 0x00007ff802732000 	C:\WINDOWS\SYSTEM32\dbgcore.DLL
0x00007ff820dc0000 - 0x00007ff820e3b000 	C:\WINDOWS\System32\bcryptPrimitives.dll
0x00007ff80ebf0000 - 0x00007ff80ec0f000 	C:\Users\richa\Downloads\OpenJDK21U-jdk_x64_windows_hotspot_21.0.6_7\jdk-21.0.6+7\bin\java.dll
0x00007ff822d90000 - 0x00007ff823608000 	C:\WINDOWS\System32\SHELL32.dll
0x00007ff81e910000 - 0x00007ff81f220000 	C:\WINDOWS\SYSTEM32\windows.storage.dll
0x00007ff81e7d0000 - 0x00007ff81e90f000 	C:\WINDOWS\SYSTEM32\wintypes.dll
0x00007ff821e50000 - 0x00007ff821f5a000 	C:\WINDOWS\System32\SHCORE.dll
0x00007ff822a20000 - 0x00007ff822a7e000 	C:\WINDOWS\System32\shlwapi.dll
0x00007ff8208f0000 - 0x00007ff82091b000 	C:\WINDOWS\SYSTEM32\profapi.dll
0x00007ffff4b40000 - 0x00007ffff4c17000 	C:\Users\richa\Downloads\OpenJDK21U-jdk_x64_windows_hotspot_21.0.6_7\jdk-21.0.6+7\bin\jsvml.dll
0x00007ff80ee50000 - 0x00007ff80ee60000 	C:\Users\richa\Downloads\OpenJDK21U-jdk_x64_windows_hotspot_21.0.6_7\jdk-21.0.6+7\bin\net.dll
0x00007ff816c10000 - 0x00007ff816d3c000 	C:\WINDOWS\SYSTEM32\WINHTTP.dll
0x00007ff81fe80000 - 0x00007ff81feea000 	C:\WINDOWS\system32\mswsock.dll
0x00007ff80eb10000 - 0x00007ff80eb26000 	C:\Users\richa\Downloads\OpenJDK21U-jdk_x64_windows_hotspot_21.0.6_7\jdk-21.0.6+7\bin\nio.dll
0x00007ff80dd30000 - 0x00007ff80dd48000 	C:\Users\richa\Downloads\OpenJDK21U-jdk_x64_windows_hotspot_21.0.6_7\jdk-21.0.6+7\bin\zip.dll
0x00007ff80eba0000 - 0x00007ff80ebb0000 	C:\Users\richa\Downloads\OpenJDK21U-jdk_x64_windows_hotspot_21.0.6_7\jdk-21.0.6+7\bin\verify.dll

dbghelp: loaded successfully - version: 4.0.5 - missing functions: none
symbol engine: initialized successfully - sym options: 0x614 - pdb path: .;C:\Users\richa\Downloads\OpenJDK21U-jdk_x64_windows_hotspot_21.0.6_7\jdk-21.0.6+7\bin;C:\WINDOWS\SYSTEM32;C:\WINDOWS\WinSxS\amd64_microsoft.windows.common-controls_6595b64144ccf1df_6.0.22621.4830_none_270fe7d773858e80;C:\Users\richa\Downloads\OpenJDK21U-jdk_x64_windows_hotspot_21.0.6_7\jdk-21.0.6+7\bin\server

VM Arguments:
java_command: org.jetbrains.kotlin.cli.jvm.K2JVMCompiler @C:\Users\richa\Documents\GitHub\MusicPlayer\node_modules\expo-modules-core\android\build\20250325_18260245377684247238.compiler.options
java_class_path (initial): C:\Users\richa\.gradle\caches\modules-2\files-2.1\org.jetbrains.kotlin\kotlin-compiler-embeddable\1.9.25\6e698f23ca1f74d6672827f61e92c2fe015d1b88\kotlin-compiler-embeddable-1.9.25.jar;C:\Users\richa\.gradle\caches\modules-2\files-2.1\org.jetbrains.kotlin\kotlin-stdlib\1.9.25\f700a2f2b8f0d6d0fde48f56d894dc722fb029d7\kotlin-stdlib-1.9.25.jar;C:\Users\richa\.gradle\caches\modules-2\files-2.1\org.jetbrains.kotlin\kotlin-script-runtime\1.9.25\43cdc99e4582c67c2b60f609d0e4c015d33a8e89\kotlin-script-runtime-1.9.25.jar;C:\Users\richa\.gradle\caches\modules-2\files-2.1\org.jetbrains.kotlin\kotlin-reflect\1.6.10\1cbe9c92c12a94eea200d23c2bbaedaf3daf5132\kotlin-reflect-1.6.10.jar;C:\Users\richa\.gradle\caches\modules-2\files-2.1\org.jetbrains.kotlin\kotlin-daemon-embeddable\1.9.25\3a1ebb4f98ed480e4774f45e3be215626eb3ae02\kotlin-daemon-embeddable-1.9.25.jar;C:\Users\richa\.gradle\caches\modules-2\files-2.1\org.jetbrains.intellij.deps\trove4j\1.0.20200330\3afb14d5f9ceb459d724e907a21145e8ff394f02\trove4j-1.0.20200330.jar;C:\Users\richa\.gradle\caches\modules-2\files-2.1\org.jetbrains\annotations\13.0\919f0dfe192fb4e063e7dacadee7f8bb9a2672a9\annotations-13.0.jar
Launcher Type: SUN_STANDARD

[Global flags]
     intx CICompilerCount                          = 3                                         {product} {ergonomic}
     uint ConcGCThreads                            = 1                                         {product} {ergonomic}
     uint G1ConcRefinementThreads                  = 4                                         {product} {ergonomic}
   size_t G1HeapRegionSize                         = 1048576                                   {product} {ergonomic}
    uintx GCDrainStackTargetSize                   = 64                                        {product} {ergonomic}
   size_t InitialHeapSize                          = 65011712                                  {product} {ergonomic}
   size_t MarkStackSize                            = 4194304                                   {product} {ergonomic}
   size_t MaxHeapSize                              = 1027604480                                {product} {ergonomic}
   size_t MaxNewSize                               = 616562688                                 {product} {ergonomic}
   size_t MinHeapDeltaBytes                        = 1048576                                   {product} {ergonomic}
   size_t MinHeapSize                              = 8388608                                   {product} {ergonomic}
    uintx NonNMethodCodeHeapSize                   = 5832780                                {pd product} {ergonomic}
    uintx NonProfiledCodeHeapSize                  = 122912730                              {pd product} {ergonomic}
    uintx ProfiledCodeHeapSize                     = 122912730                              {pd product} {ergonomic}
    uintx ReservedCodeCacheSize                    = 251658240                              {pd product} {ergonomic}
     bool SegmentedCodeCache                       = true                                      {product} {ergonomic}
   size_t SoftMaxHeapSize                          = 1027604480                             {manageable} {ergonomic}
     bool UseCompressedOops                        = true                           {product lp64_product} {ergonomic}
     bool UseG1GC                                  = true                                      {product} {ergonomic}
     bool UseLargePagesIndividualAllocation        = false                                  {pd product} {ergonomic}

Logging:
Log output configuration:
 #0: stdout all=warning uptime,level,tags foldmultilines=false
 #1: stderr all=off uptime,level,tags foldmultilines=false

Environment Variables:
JAVA_HOME=C:\Users\richa\Downloads\OpenJDK21U-jdk_x64_windows_hotspot_21.0.6_7\jdk-21.0.6+7
CLASSPATH=C:\Users\richa\Documents\GitHub\MusicPlayer\android\\gradle\wrapper\gradle-wrapper.jar
PATH=C:\Users\richa\Documents\GitHub\MusicPlayer\node_modules\.bin;C:\Users\richa\Documents\GitHub\MusicPlayer\node_modules\.bin;C:\Users\richa\Documents\GitHub\node_modules\.bin;C:\Users\richa\Documents\node_modules\.bin;C:\Users\richa\node_modules\.bin;C:\Users\node_modules\.bin;C:\node_modules\.bin;C:\Users\richa\AppData\Roaming\npm\node_modules\npm\node_modules\@npmcli\run-script\lib\node-gyp-bin;C:\Program Files\WindowsApps\Microsoft.PowerShell_7.5.0.0_x64__8wekyb3d8bbwe;C:\Python313\Scripts\;C:\Python313\;C:\WINDOWS\system32;C:\WINDOWS;C:\WINDOWS\System32\Wbem;C:\WINDOWS\System32\WindowsPowerShell\v1.0\;C:\WINDOWS\System32\OpenSSH\;C:\Program Files\nodejs\;C:\ProgramData\chocolatey\bin;C:\Program Files\Git\cmd;C:\Users\richa\Downloads\platform-tools-latest-windows\platform-tools;C:\Users\richa\AppData\Local\Android\Sdk\platform-tools;%ANDROID_HOME\emulator;%ANDROID_HOME\cmdline-tools\latest\bin;%ANDROID_HOME\tools;%ANDROID_HOME\tools\bin;C:\Users\richa\Downloads\OpenJDK21U-jdk_x64_windows_hotspot_21.0.6_7\jdk-21.0.6+7\bin;C:\Python313\Scripts\;C:\Python313\;C:\WINDOWS\system32;C:\WINDOWS;C:\WINDOWS\System32\Wbem;C:\WINDOWS\System32\WindowsPowerShell\v1.0\;C:\WINDOWS\System32\OpenSSH\;C:\Program Files\nodejs\;C:\ProgramData\chocolatey\bin;C:\Program Files\Git\cmd;C:\Users\richa\Downloads\platform-tools-latest-windows\platform-tools;C:\Users\richa\AppData\Local\Microsoft\WindowsApps;C:\Users\richa\AppData\Roaming\npm;C:\Users\richa\AppData\Local\Programs\Microsoft VS Code\bin;C:\Users\richa\AppData\Local\GitHubDesktop\bin;C:\Users\richa\AppData\Local\Android\Sdk\platform-tools;c:\Users\richa\.vscode\extensions\ms-python.debugpy-2025.4.1-win32-x64\bundled\scripts\noConfigScripts
USERNAME=richa
LANG=en_US.UTF-8
OS=Windows_NT
PROCESSOR_IDENTIFIER=Intel64 Family 6 Model 142 Stepping 12, GenuineIntel
TMP=C:\Users\richa\AppData\Local\Temp
TEMP=C:\Users\richa\AppData\Local\Temp




Periodic native trim disabled

---------------  S Y S T E M  ---------------

OS:
 Windows 11 , 64 bit Build 22621 (10.0.22621.4830)
OS uptime: 1 days 22:36 hours

CPU: total 4 (initial active 4) (2 cores per cpu, 2 threads per core) family 6 model 142 stepping 12 microcode 0xea, cx8, cmov, fxsr, ht, mmx, 3dnowpref, sse, sse2, sse3, ssse3, sse4.1, sse4.2, popcnt, lzcnt, tsc, tscinvbit, avx, avx2, aes, erms, clmul, bmi1, bmi2, adx, fma, vzeroupper, clflush, clflushopt, rdtscp, f16c
Processor Information for the first 4 processors :
  Max Mhz: 2592, Current Mhz: 2093, Mhz Limit: 2073

Memory: 4k page, system-wide physical 3918M (300M free)
TotalPageFile size 15694M (AvailPageFile size 41M)
current process WorkingSet (physical memory assigned to process): 192M, peak: 252M
current process commit charge ("private bytes"): 378M, peak: 378M

vm_info: OpenJDK 64-Bit Server VM (21.0.6+7-LTS) for windows-amd64 JRE (21.0.6+7-LTS), built on 2025-01-21T00:00:00Z by "admin" with MS VC++ 17.7 (VS2022)

END.
