#
# There is insufficient memory for the Java Runtime Environment to continue.
# Native memory allocation (malloc) failed to allocate 1022736 bytes. Error detail: Chunk::new
# Possible reasons:
#   The system is out of physical RAM or swap space
#   This process is running with CompressedOops enabled, and the Java Heap may be blocking the growth of the native heap
# Possible solutions:
#   Reduce memory load on the system
#   Increase physical memory or swap space
#   Check if swap backing store is full
#   Decrease Java heap size (-Xmx/-Xms)
#   Decrease number of Java threads
#   Decrease Java thread stack sizes (-Xss)
#   Set larger code cache with -XX:ReservedCodeCacheSize=
#   JVM is running with Unscaled Compressed Oops mode in which the Java heap is
#     placed in the first 4GB address space. The Java Heap base address is the
#     maximum limit for the native heap growth. Please use -XX:HeapBaseMinAddress
#     to set the Java Heap base and to place the Java Heap above 4GB virtual address.
# This output file may be truncated or incomplete.
#
#  Out of Memory Error (arena.cpp:168), pid=37816, tid=33152
#
# JRE version: OpenJDK Runtime Environment Temurin-21.0.6+7 (21.0.6+7) (build 21.0.6+7-LTS)
# Java VM: OpenJDK 64-Bit Server VM Temurin-21.0.6+7 (21.0.6+7-LTS, mixed mode, sharing, tiered, compressed oops, compressed class ptrs, g1 gc, windows-amd64)
# No core dump will be written. Minidumps are not enabled by default on client versions of Windows
#

---------------  S U M M A R Y ------------

Command Line: org.jetbrains.kotlin.cli.jvm.K2JVMCompiler @C:\Users\richa\Documents\GitHub\MusicPlayer\node_modules\react-native-gesture-handler\android\build\20250325_13298001752291796592.compiler.options

Host: Intel(R) Core(TM) i3-10110U CPU @ 2.10GHz, 4 cores, 3G,  Windows 11 , 64 bit Build 22621 (10.0.22621.4830)
Time: Tue Mar 25 07:06:50 2025 Hora oficial do Brasil elapsed time: 201.888958 seconds (0d 0h 3m 21s)

---------------  T H R E A D  ---------------

Current thread (0x000001dc3c4cd8b0):  JavaThread "C2 CompilerThread0" daemon [_thread_in_native, id=33152, stack(0x00000056c6100000,0x00000056c6200000) (1024K)]


Current CompileTask:
C2:201890 13460       4       org.jetbrains.kotlin.resolve.calls.components.ResolutionPartsKt::resolveKotlinArgument (572 bytes)

Stack: [0x00000056c6100000,0x00000056c6200000]
Native frames: (J=compiled Java code, j=interpreted, Vv=VM code, C=native code)
V  [jvm.dll+0x6cdee9]
V  [jvm.dll+0x8a83d1]
V  [jvm.dll+0x8aa8fe]
V  [jvm.dll+0x8aafe3]
V  [jvm.dll+0x27f706]
V  [jvm.dll+0xc500d]
V  [jvm.dll+0xc5543]
V  [jvm.dll+0x2f2acd]
V  [jvm.dll+0x5f6a2a]
V  [jvm.dll+0x250bb2]
V  [jvm.dll+0x250f6f]
V  [jvm.dll+0x249834]
V  [jvm.dll+0x246ec4]
V  [jvm.dll+0x1c75ee]
V  [jvm.dll+0x25685a]
V  [jvm.dll+0x254dfa]
V  [jvm.dll+0x3f0256]
V  [jvm.dll+0x851f8b]
V  [jvm.dll+0x6cc5ed]
C  [ucrtbase.dll+0x29333]
C  [KERNEL32.DLL+0x1259d]
C  [ntdll.dll+0x5af38]


---------------  P R O C E S S  ---------------

Threads class SMR info:
_java_thread_list=0x000001dc3c626470, length=11, elements={
0x000001dc1f5f0950, 0x000001dc3c4c3fb0, 0x000001dc3c4c4ec0, 0x000001dc3c4c6b20,
0x000001dc3c4c9680, 0x000001dc3c4ca0d0, 0x000001dc3c4cab20, 0x000001dc3c4cd8b0,
0x000001dc3c4d1910, 0x000001dc3c650650, 0x000001dc3c653290
}

Java Threads: ( => current thread )
  0x000001dc1f5f0950 JavaThread "main"                              [_thread_in_Java, id=30296, stack(0x00000056c5300000,0x00000056c5400000) (1024K)]
  0x000001dc3c4c3fb0 JavaThread "Reference Handler"          daemon [_thread_blocked, id=37372, stack(0x00000056c5b00000,0x00000056c5c00000) (1024K)]
  0x000001dc3c4c4ec0 JavaThread "Finalizer"                  daemon [_thread_blocked, id=30300, stack(0x00000056c5c00000,0x00000056c5d00000) (1024K)]
  0x000001dc3c4c6b20 JavaThread "Signal Dispatcher"          daemon [_thread_blocked, id=35320, stack(0x00000056c5d00000,0x00000056c5e00000) (1024K)]
  0x000001dc3c4c9680 JavaThread "Attach Listener"            daemon [_thread_blocked, id=24440, stack(0x00000056c5e00000,0x00000056c5f00000) (1024K)]
  0x000001dc3c4ca0d0 JavaThread "Service Thread"             daemon [_thread_blocked, id=36772, stack(0x00000056c5f00000,0x00000056c6000000) (1024K)]
  0x000001dc3c4cab20 JavaThread "Monitor Deflation Thread"   daemon [_thread_blocked, id=34688, stack(0x00000056c6000000,0x00000056c6100000) (1024K)]
=>0x000001dc3c4cd8b0 JavaThread "C2 CompilerThread0"         daemon [_thread_in_native, id=33152, stack(0x00000056c6100000,0x00000056c6200000) (1024K)]
  0x000001dc3c4d1910 JavaThread "C1 CompilerThread0"         daemon [_thread_blocked, id=24100, stack(0x00000056c6200000,0x00000056c6300000) (1024K)]
  0x000001dc3c650650 JavaThread "Notification Thread"        daemon [_thread_blocked, id=37588, stack(0x00000056c6300000,0x00000056c6400000) (1024K)]
  0x000001dc3c653290 JavaThread "Common-Cleaner"             daemon [_thread_blocked, id=35224, stack(0x00000056c6400000,0x00000056c6500000) (1024K)]
Total: 11

Other Threads:
  0x000001dc1f6ae800 VMThread "VM Thread"                           [id=34304, stack(0x00000056c5a00000,0x00000056c5b00000) (1024K)]
  0x000001dc3c4ada20 WatcherThread "VM Periodic Task Thread"        [id=33944, stack(0x00000056c5900000,0x00000056c5a00000) (1024K)]
  0x000001dc1f6275c0 WorkerThread "GC Thread#0"                     [id=8556, stack(0x00000056c5400000,0x00000056c5500000) (1024K)]
  0x000001dc7e0aed10 WorkerThread "GC Thread#1"                     [id=16520, stack(0x00000056c6500000,0x00000056c6600000) (1024K)]
  0x000001dc7e10fa50 WorkerThread "GC Thread#2"                     [id=10612, stack(0x00000056c6600000,0x00000056c6700000) (1024K)]
  0x000001dc7e10fdf0 WorkerThread "GC Thread#3"                     [id=16732, stack(0x00000056c6700000,0x00000056c6800000) (1024K)]
  0x000001dc1f631030 ConcurrentGCThread "G1 Main Marker"            [id=1728, stack(0x00000056c5500000,0x00000056c5600000) (1024K)]
  0x000001dc1f631b30 WorkerThread "G1 Conc#0"                       [id=21048, stack(0x00000056c5600000,0x00000056c5700000) (1024K)]
  0x000001dc1f687b40 ConcurrentGCThread "G1 Refine#0"               [id=29664, stack(0x00000056c5700000,0x00000056c5800000) (1024K)]
  0x000001dc1f6886b0 ConcurrentGCThread "G1 Service"                [id=17792, stack(0x00000056c5800000,0x00000056c5900000) (1024K)]
Total: 10

Threads with active compile tasks:
C2 CompilerThread0  202265 13460       4       org.jetbrains.kotlin.resolve.calls.components.ResolutionPartsKt::resolveKotlinArgument (572 bytes)
Total: 1

VM state: not at safepoint (normal execution)

VM Mutex/Monitor currently owned by a thread: None

Heap address: 0x00000000c2c00000, size: 980 MB, Compressed Oops mode: 32-bit

CDS archive(s) mapped at: [0x000001dc3d000000-0x000001dc3dc80000-0x000001dc3dc80000), size 13107200, SharedBaseAddress: 0x000001dc3d000000, ArchiveRelocationMode: 1.
Compressed class space mapped at: 0x000001dc3e000000-0x000001dc7e000000, reserved size: 1073741824
Narrow klass base: 0x000001dc3d000000, Narrow klass shift: 0, Narrow klass range: 0x100000000

GC Precious Log:
 CardTable entry size: 512
 Card Set container configuration: InlinePtr #cards 5 size 8 Array Of Cards #cards 12 size 40 Howl #buckets 4 coarsen threshold 1843 Howl Bitmap #cards 512 size 80 coarsen threshold 460 Card regions per heap region 1 cards per card region 2048
 CPUs: 4 total, 4 available
 Memory: 3918M
 Large Page Support: Disabled
 NUMA Support: Disabled
 Compressed Oops: Enabled (32-bit)
 Heap Region Size: 1M
 Heap Min Capacity: 8M
 Heap Initial Capacity: 62M
 Heap Max Capacity: 980M
 Pre-touch: Disabled
 Parallel Workers: 4
 Concurrent Workers: 1
 Concurrent Refinement Workers: 4
 Periodic GC: Disabled

Heap:
 garbage-first heap   total 126976K, used 77824K [0x00000000c2c00000, 0x0000000100000000)
  region size 1024K, 2 young (2048K), 1 survivors (1024K)
 Metaspace       used 58361K, committed 59072K, reserved 1114112K
  class space    used 6554K, committed 6912K, reserved 1048576K

Heap Regions: E=young(eden), S=young(survivor), O=old, HS=humongous(starts), HC=humongous(continues), CS=collection set, F=free, TAMS=top-at-mark-start, PB=parsable bottom
|   0|0x00000000c2c00000, 0x00000000c2d00000, 0x00000000c2d00000|100%|HS|  |TAMS 0x00000000c2c00000| PB 0x00000000c2c00000| Complete 
|   1|0x00000000c2d00000, 0x00000000c2e00000, 0x00000000c2e00000|100%|HC|  |TAMS 0x00000000c2d00000| PB 0x00000000c2d00000| Complete 
|   2|0x00000000c2e00000, 0x00000000c2f00000, 0x00000000c2f00000|100%|HC|  |TAMS 0x00000000c2e00000| PB 0x00000000c2e00000| Complete 
|   3|0x00000000c2f00000, 0x00000000c3000000, 0x00000000c3000000|100%|HC|  |TAMS 0x00000000c2f00000| PB 0x00000000c2f00000| Complete 
|   4|0x00000000c3000000, 0x00000000c3100000, 0x00000000c3100000|100%| O|  |TAMS 0x00000000c3000000| PB 0x00000000c3000000| Untracked 
|   5|0x00000000c3100000, 0x00000000c3200000, 0x00000000c3200000|100%| O|  |TAMS 0x00000000c3100000| PB 0x00000000c3100000| Untracked 
|   6|0x00000000c3200000, 0x00000000c3300000, 0x00000000c3300000|100%| O|  |TAMS 0x00000000c3200000| PB 0x00000000c3200000| Untracked 
|   7|0x00000000c3300000, 0x00000000c3400000, 0x00000000c3400000|100%| O|  |TAMS 0x00000000c3300000| PB 0x00000000c3300000| Untracked 
|   8|0x00000000c3400000, 0x00000000c3500000, 0x00000000c3500000|100%| O|  |TAMS 0x00000000c3400000| PB 0x00000000c3400000| Untracked 
|   9|0x00000000c3500000, 0x00000000c3600000, 0x00000000c3600000|100%| O|  |TAMS 0x00000000c3500000| PB 0x00000000c3500000| Untracked 
|  10|0x00000000c3600000, 0x00000000c3700000, 0x00000000c3700000|100%| O|  |TAMS 0x00000000c3600000| PB 0x00000000c3600000| Untracked 
|  11|0x00000000c3700000, 0x00000000c3800000, 0x00000000c3800000|100%| O|  |TAMS 0x00000000c3700000| PB 0x00000000c3700000| Untracked 
|  12|0x00000000c3800000, 0x00000000c3900000, 0x00000000c3900000|100%| O|  |TAMS 0x00000000c3800000| PB 0x00000000c3800000| Untracked 
|  13|0x00000000c3900000, 0x00000000c3a00000, 0x00000000c3a00000|100%| O|  |TAMS 0x00000000c3900000| PB 0x00000000c3900000| Untracked 
|  14|0x00000000c3a00000, 0x00000000c3b00000, 0x00000000c3b00000|100%| O|  |TAMS 0x00000000c3a00000| PB 0x00000000c3a00000| Untracked 
|  15|0x00000000c3b00000, 0x00000000c3c00000, 0x00000000c3c00000|100%| O|  |TAMS 0x00000000c3b00000| PB 0x00000000c3b00000| Untracked 
|  16|0x00000000c3c00000, 0x00000000c3d00000, 0x00000000c3d00000|100%|HS|  |TAMS 0x00000000c3c00000| PB 0x00000000c3c00000| Complete 
|  17|0x00000000c3d00000, 0x00000000c3e00000, 0x00000000c3e00000|100%|HC|  |TAMS 0x00000000c3d00000| PB 0x00000000c3d00000| Complete 
|  18|0x00000000c3e00000, 0x00000000c3f00000, 0x00000000c3f00000|100%| O|  |TAMS 0x00000000c3e00000| PB 0x00000000c3e00000| Untracked 
|  19|0x00000000c3f00000, 0x00000000c4000000, 0x00000000c4000000|100%| O|  |TAMS 0x00000000c3f00000| PB 0x00000000c3f00000| Untracked 
|  20|0x00000000c4000000, 0x00000000c4100000, 0x00000000c4100000|100%| O|  |TAMS 0x00000000c4000000| PB 0x00000000c4000000| Untracked 
|  21|0x00000000c4100000, 0x00000000c4200000, 0x00000000c4200000|100%| O|  |TAMS 0x00000000c4100000| PB 0x00000000c4100000| Untracked 
|  22|0x00000000c4200000, 0x00000000c4300000, 0x00000000c4300000|100%| O|  |TAMS 0x00000000c4200000| PB 0x00000000c4200000| Untracked 
|  23|0x00000000c4300000, 0x00000000c4400000, 0x00000000c4400000|100%| O|  |TAMS 0x00000000c4300000| PB 0x00000000c4300000| Untracked 
|  24|0x00000000c4400000, 0x00000000c4500000, 0x00000000c4500000|100%| O|  |TAMS 0x00000000c4400000| PB 0x00000000c4400000| Untracked 
|  25|0x00000000c4500000, 0x00000000c4600000, 0x00000000c4600000|100%| O|  |TAMS 0x00000000c4500000| PB 0x00000000c4500000| Untracked 
|  26|0x00000000c4600000, 0x00000000c4700000, 0x00000000c4700000|100%| O|  |TAMS 0x00000000c4600000| PB 0x00000000c4600000| Untracked 
|  27|0x00000000c4700000, 0x00000000c4800000, 0x00000000c4800000|100%| O|  |TAMS 0x00000000c4700000| PB 0x00000000c4700000| Untracked 
|  28|0x00000000c4800000, 0x00000000c4900000, 0x00000000c4900000|100%| O|  |TAMS 0x00000000c4800000| PB 0x00000000c4800000| Untracked 
|  29|0x00000000c4900000, 0x00000000c4a00000, 0x00000000c4a00000|100%| O|  |TAMS 0x00000000c4900000| PB 0x00000000c4900000| Untracked 
|  30|0x00000000c4a00000, 0x00000000c4b00000, 0x00000000c4b00000|100%| O|  |TAMS 0x00000000c4a00000| PB 0x00000000c4a00000| Untracked 
|  31|0x00000000c4b00000, 0x00000000c4c00000, 0x00000000c4c00000|100%| O|  |TAMS 0x00000000c4b00000| PB 0x00000000c4b00000| Untracked 
|  32|0x00000000c4c00000, 0x00000000c4d00000, 0x00000000c4d00000|100%| O|  |TAMS 0x00000000c4c00000| PB 0x00000000c4c00000| Untracked 
|  33|0x00000000c4d00000, 0x00000000c4e00000, 0x00000000c4e00000|100%| O|  |TAMS 0x00000000c4d00000| PB 0x00000000c4d00000| Untracked 
|  34|0x00000000c4e00000, 0x00000000c4f00000, 0x00000000c4f00000|100%| O|  |TAMS 0x00000000c4e00000| PB 0x00000000c4e00000| Untracked 
|  35|0x00000000c4f00000, 0x00000000c5000000, 0x00000000c5000000|100%| O|  |TAMS 0x00000000c4f00000| PB 0x00000000c4f00000| Untracked 
|  36|0x00000000c5000000, 0x00000000c5100000, 0x00000000c5100000|100%| O|  |TAMS 0x00000000c5000000| PB 0x00000000c5000000| Untracked 
|  37|0x00000000c5100000, 0x00000000c5200000, 0x00000000c5200000|100%| O|  |TAMS 0x00000000c5100000| PB 0x00000000c5100000| Untracked 
|  38|0x00000000c5200000, 0x00000000c5300000, 0x00000000c5300000|100%| O|  |TAMS 0x00000000c5200000| PB 0x00000000c5200000| Untracked 
|  39|0x00000000c5300000, 0x00000000c5400000, 0x00000000c5400000|100%| O|  |TAMS 0x00000000c5300000| PB 0x00000000c5300000| Untracked 
|  40|0x00000000c5400000, 0x00000000c5500000, 0x00000000c5500000|100%| O|  |TAMS 0x00000000c5400000| PB 0x00000000c5400000| Untracked 
|  41|0x00000000c5500000, 0x00000000c5600000, 0x00000000c5600000|100%| O|  |TAMS 0x00000000c5500000| PB 0x00000000c5500000| Untracked 
|  42|0x00000000c5600000, 0x00000000c5700000, 0x00000000c5700000|100%| O|  |TAMS 0x00000000c5600000| PB 0x00000000c5600000| Untracked 
|  43|0x00000000c5700000, 0x00000000c5800000, 0x00000000c5800000|100%| O|  |TAMS 0x00000000c5700000| PB 0x00000000c5700000| Untracked 
|  44|0x00000000c5800000, 0x00000000c5900000, 0x00000000c5900000|100%| O|  |TAMS 0x00000000c5800000| PB 0x00000000c5800000| Untracked 
|  45|0x00000000c5900000, 0x00000000c5a00000, 0x00000000c5a00000|100%| O|  |TAMS 0x00000000c5900000| PB 0x00000000c5900000| Untracked 
|  46|0x00000000c5a00000, 0x00000000c5b00000, 0x00000000c5b00000|100%| O|  |TAMS 0x00000000c5a00000| PB 0x00000000c5a00000| Untracked 
|  47|0x00000000c5b00000, 0x00000000c5c00000, 0x00000000c5c00000|100%| O|  |TAMS 0x00000000c5b00000| PB 0x00000000c5b00000| Untracked 
|  48|0x00000000c5c00000, 0x00000000c5d00000, 0x00000000c5d00000|100%| O|  |TAMS 0x00000000c5c00000| PB 0x00000000c5c00000| Untracked 
|  49|0x00000000c5d00000, 0x00000000c5e00000, 0x00000000c5e00000|100%| O|  |TAMS 0x00000000c5d00000| PB 0x00000000c5d00000| Untracked 
|  50|0x00000000c5e00000, 0x00000000c5f00000, 0x00000000c5f00000|100%| O|  |TAMS 0x00000000c5e00000| PB 0x00000000c5e00000| Untracked 
|  51|0x00000000c5f00000, 0x00000000c6000000, 0x00000000c6000000|100%| O|  |TAMS 0x00000000c5f00000| PB 0x00000000c5f00000| Untracked 
|  52|0x00000000c6000000, 0x00000000c6100000, 0x00000000c6100000|100%| O|  |TAMS 0x00000000c6000000| PB 0x00000000c6000000| Untracked 
|  53|0x00000000c6100000, 0x00000000c6200000, 0x00000000c6200000|100%| O|  |TAMS 0x00000000c6100000| PB 0x00000000c6100000| Untracked 
|  54|0x00000000c6200000, 0x00000000c6300000, 0x00000000c6300000|100%| O|  |TAMS 0x00000000c6200000| PB 0x00000000c6200000| Untracked 
|  55|0x00000000c6300000, 0x00000000c6400000, 0x00000000c6400000|100%| O|  |TAMS 0x00000000c6300000| PB 0x00000000c6300000| Untracked 
|  56|0x00000000c6400000, 0x00000000c6500000, 0x00000000c6500000|100%| O|  |TAMS 0x00000000c6400000| PB 0x00000000c6400000| Untracked 
|  57|0x00000000c6500000, 0x00000000c6600000, 0x00000000c6600000|100%| O|  |TAMS 0x00000000c6500000| PB 0x00000000c6500000| Untracked 
|  58|0x00000000c6600000, 0x00000000c6700000, 0x00000000c6700000|100%| O|  |TAMS 0x00000000c6600000| PB 0x00000000c6600000| Untracked 
|  59|0x00000000c6700000, 0x00000000c6800000, 0x00000000c6800000|100%|HS|  |TAMS 0x00000000c6700000| PB 0x00000000c6700000| Complete 
|  60|0x00000000c6800000, 0x00000000c6900000, 0x00000000c6900000|100%|HC|  |TAMS 0x00000000c6800000| PB 0x00000000c6800000| Complete 
|  61|0x00000000c6900000, 0x00000000c6a00000, 0x00000000c6a00000|100%| O|  |TAMS 0x00000000c6900000| PB 0x00000000c6900000| Untracked 
|  62|0x00000000c6a00000, 0x00000000c6b00000, 0x00000000c6b00000|100%| O|  |TAMS 0x00000000c6a00000| PB 0x00000000c6a00000| Untracked 
|  63|0x00000000c6b00000, 0x00000000c6c00000, 0x00000000c6c00000|100%| O|  |TAMS 0x00000000c6b00000| PB 0x00000000c6b00000| Untracked 
|  64|0x00000000c6c00000, 0x00000000c6d00000, 0x00000000c6d00000|100%| O|Cm|TAMS 0x00000000c6c00000| PB 0x00000000c6c00000| Complete 
|  65|0x00000000c6d00000, 0x00000000c6e00000, 0x00000000c6e00000|100%| O|  |TAMS 0x00000000c6d00000| PB 0x00000000c6d00000| Untracked 
|  66|0x00000000c6e00000, 0x00000000c6f00000, 0x00000000c6f00000|100%| O|  |TAMS 0x00000000c6e00000| PB 0x00000000c6e00000| Untracked 
|  67|0x00000000c6f00000, 0x00000000c7000000, 0x00000000c7000000|100%| O|  |TAMS 0x00000000c6f00000| PB 0x00000000c6f00000| Untracked 
|  68|0x00000000c7000000, 0x00000000c7000000, 0x00000000c7100000|  0%| F|  |TAMS 0x00000000c7000000| PB 0x00000000c7000000| Untracked 
|  69|0x00000000c7100000, 0x00000000c7200000, 0x00000000c7200000|100%| O|  |TAMS 0x00000000c7100000| PB 0x00000000c7100000| Untracked 
|  70|0x00000000c7200000, 0x00000000c7300000, 0x00000000c7300000|100%| O|  |TAMS 0x00000000c7200000| PB 0x00000000c7200000| Untracked 
|  71|0x00000000c7300000, 0x00000000c7400000, 0x00000000c7400000|100%| O|  |TAMS 0x00000000c7300000| PB 0x00000000c7300000| Untracked 
|  72|0x00000000c7400000, 0x00000000c7500000, 0x00000000c7500000|100%| O|  |TAMS 0x00000000c7400000| PB 0x00000000c7400000| Untracked 
|  73|0x00000000c7500000, 0x00000000c7600000, 0x00000000c7600000|100%| O|  |TAMS 0x00000000c7500000| PB 0x00000000c7500000| Untracked 
|  74|0x00000000c7600000, 0x00000000c7700000, 0x00000000c7700000|100%| O|  |TAMS 0x00000000c7600000| PB 0x00000000c7600000| Untracked 
|  75|0x00000000c7700000, 0x00000000c7800000, 0x00000000c7800000|100%| O|  |TAMS 0x00000000c7700000| PB 0x00000000c7700000| Untracked 
|  76|0x00000000c7800000, 0x00000000c7800000, 0x00000000c7900000|  0%| F|  |TAMS 0x00000000c7800000| PB 0x00000000c7800000| Untracked 
|  77|0x00000000c7900000, 0x00000000c7900000, 0x00000000c7a00000|  0%| F|  |TAMS 0x00000000c7900000| PB 0x00000000c7900000| Untracked 
|  78|0x00000000c7a00000, 0x00000000c7a00000, 0x00000000c7b00000|  0%| F|  |TAMS 0x00000000c7a00000| PB 0x00000000c7a00000| Untracked 
|  79|0x00000000c7b00000, 0x00000000c7b00000, 0x00000000c7c00000|  0%| F|  |TAMS 0x00000000c7b00000| PB 0x00000000c7b00000| Untracked 
|  80|0x00000000c7c00000, 0x00000000c7c00000, 0x00000000c7d00000|  0%| F|  |TAMS 0x00000000c7c00000| PB 0x00000000c7c00000| Untracked 
|  81|0x00000000c7d00000, 0x00000000c7d00000, 0x00000000c7e00000|  0%| F|  |TAMS 0x00000000c7d00000| PB 0x00000000c7d00000| Untracked 
|  82|0x00000000c7e00000, 0x00000000c7e00000, 0x00000000c7f00000|  0%| F|  |TAMS 0x00000000c7e00000| PB 0x00000000c7e00000| Untracked 
|  83|0x00000000c7f00000, 0x00000000c7f00000, 0x00000000c8000000|  0%| F|  |TAMS 0x00000000c7f00000| PB 0x00000000c7f00000| Untracked 
|  84|0x00000000c8000000, 0x00000000c8000000, 0x00000000c8100000|  0%| F|  |TAMS 0x00000000c8000000| PB 0x00000000c8000000| Untracked 
|  85|0x00000000c8100000, 0x00000000c8100000, 0x00000000c8200000|  0%| F|  |TAMS 0x00000000c8100000| PB 0x00000000c8100000| Untracked 
|  86|0x00000000c8200000, 0x00000000c8200000, 0x00000000c8300000|  0%| F|  |TAMS 0x00000000c8200000| PB 0x00000000c8200000| Untracked 
|  87|0x00000000c8300000, 0x00000000c8300000, 0x00000000c8400000|  0%| F|  |TAMS 0x00000000c8300000| PB 0x00000000c8300000| Untracked 
|  88|0x00000000c8400000, 0x00000000c8400000, 0x00000000c8500000|  0%| F|  |TAMS 0x00000000c8400000| PB 0x00000000c8400000| Untracked 
|  89|0x00000000c8500000, 0x00000000c8500000, 0x00000000c8600000|  0%| F|  |TAMS 0x00000000c8500000| PB 0x00000000c8500000| Untracked 
|  90|0x00000000c8600000, 0x00000000c8600000, 0x00000000c8700000|  0%| F|  |TAMS 0x00000000c8600000| PB 0x00000000c8600000| Untracked 
|  91|0x00000000c8700000, 0x00000000c8700000, 0x00000000c8800000|  0%| F|  |TAMS 0x00000000c8700000| PB 0x00000000c8700000| Untracked 
|  92|0x00000000c8800000, 0x00000000c8800000, 0x00000000c8900000|  0%| F|  |TAMS 0x00000000c8800000| PB 0x00000000c8800000| Untracked 
|  93|0x00000000c8900000, 0x00000000c8900000, 0x00000000c8a00000|  0%| F|  |TAMS 0x00000000c8900000| PB 0x00000000c8900000| Untracked 
|  94|0x00000000c8a00000, 0x00000000c8a00000, 0x00000000c8b00000|  0%| F|  |TAMS 0x00000000c8a00000| PB 0x00000000c8a00000| Untracked 
|  95|0x00000000c8b00000, 0x00000000c8b00000, 0x00000000c8c00000|  0%| F|  |TAMS 0x00000000c8b00000| PB 0x00000000c8b00000| Untracked 
|  96|0x00000000c8c00000, 0x00000000c8c00000, 0x00000000c8d00000|  0%| F|  |TAMS 0x00000000c8c00000| PB 0x00000000c8c00000| Untracked 
|  97|0x00000000c8d00000, 0x00000000c8d00000, 0x00000000c8e00000|  0%| F|  |TAMS 0x00000000c8d00000| PB 0x00000000c8d00000| Untracked 
|  98|0x00000000c8e00000, 0x00000000c8e00000, 0x00000000c8f00000|  0%| F|  |TAMS 0x00000000c8e00000| PB 0x00000000c8e00000| Untracked 
|  99|0x00000000c8f00000, 0x00000000c8f00000, 0x00000000c9000000|  0%| F|  |TAMS 0x00000000c8f00000| PB 0x00000000c8f00000| Untracked 
| 100|0x00000000c9000000, 0x00000000c9000000, 0x00000000c9100000|  0%| F|  |TAMS 0x00000000c9000000| PB 0x00000000c9000000| Untracked 
| 101|0x00000000c9100000, 0x00000000c9100000, 0x00000000c9200000|  0%| F|  |TAMS 0x00000000c9100000| PB 0x00000000c9100000| Untracked 
| 102|0x00000000c9200000, 0x00000000c9200000, 0x00000000c9300000|  0%| F|  |TAMS 0x00000000c9200000| PB 0x00000000c9200000| Untracked 
| 103|0x00000000c9300000, 0x00000000c9300000, 0x00000000c9400000|  0%| F|  |TAMS 0x00000000c9300000| PB 0x00000000c9300000| Untracked 
| 104|0x00000000c9400000, 0x00000000c9400000, 0x00000000c9500000|  0%| F|  |TAMS 0x00000000c9400000| PB 0x00000000c9400000| Untracked 
| 105|0x00000000c9500000, 0x00000000c9500000, 0x00000000c9600000|  0%| F|  |TAMS 0x00000000c9500000| PB 0x00000000c9500000| Untracked 
| 106|0x00000000c9600000, 0x00000000c9600000, 0x00000000c9700000|  0%| F|  |TAMS 0x00000000c9600000| PB 0x00000000c9600000| Untracked 
| 107|0x00000000c9700000, 0x00000000c9700000, 0x00000000c9800000|  0%| F|  |TAMS 0x00000000c9700000| PB 0x00000000c9700000| Untracked 
| 108|0x00000000c9800000, 0x00000000c9800000, 0x00000000c9900000|  0%| F|  |TAMS 0x00000000c9800000| PB 0x00000000c9800000| Untracked 
| 109|0x00000000c9900000, 0x00000000c9900000, 0x00000000c9a00000|  0%| F|  |TAMS 0x00000000c9900000| PB 0x00000000c9900000| Untracked 
| 110|0x00000000c9a00000, 0x00000000c9a00000, 0x00000000c9b00000|  0%| F|  |TAMS 0x00000000c9a00000| PB 0x00000000c9a00000| Untracked 
| 111|0x00000000c9b00000, 0x00000000c9b00000, 0x00000000c9c00000|  0%| F|  |TAMS 0x00000000c9b00000| PB 0x00000000c9b00000| Untracked 
| 112|0x00000000c9c00000, 0x00000000c9c00000, 0x00000000c9d00000|  0%| F|  |TAMS 0x00000000c9c00000| PB 0x00000000c9c00000| Untracked 
| 113|0x00000000c9d00000, 0x00000000c9d00000, 0x00000000c9e00000|  0%| F|  |TAMS 0x00000000c9d00000| PB 0x00000000c9d00000| Untracked 
| 114|0x00000000c9e00000, 0x00000000c9e00000, 0x00000000c9f00000|  0%| F|  |TAMS 0x00000000c9e00000| PB 0x00000000c9e00000| Untracked 
| 115|0x00000000c9f00000, 0x00000000c9f00000, 0x00000000ca000000|  0%| F|  |TAMS 0x00000000c9f00000| PB 0x00000000c9f00000| Untracked 
| 116|0x00000000ca000000, 0x00000000ca000000, 0x00000000ca100000|  0%| F|  |TAMS 0x00000000ca000000| PB 0x00000000ca000000| Untracked 
| 117|0x00000000ca100000, 0x00000000ca100000, 0x00000000ca200000|  0%| F|  |TAMS 0x00000000ca100000| PB 0x00000000ca100000| Untracked 
| 118|0x00000000ca200000, 0x00000000ca300000, 0x00000000ca300000|100%| S|CS|TAMS 0x00000000ca200000| PB 0x00000000ca200000| Complete 
| 119|0x00000000ca300000, 0x00000000ca300000, 0x00000000ca400000|  0%| F|  |TAMS 0x00000000ca300000| PB 0x00000000ca300000| Untracked 
| 120|0x00000000ca400000, 0x00000000ca400000, 0x00000000ca500000|  0%| F|  |TAMS 0x00000000ca400000| PB 0x00000000ca400000| Untracked 
| 121|0x00000000ca500000, 0x00000000ca500000, 0x00000000ca600000|  0%| F|  |TAMS 0x00000000ca500000| PB 0x00000000ca500000| Untracked 
| 122|0x00000000ca600000, 0x00000000ca600000, 0x00000000ca700000|  0%| F|  |TAMS 0x00000000ca600000| PB 0x00000000ca600000| Untracked 
| 123|0x00000000ca700000, 0x00000000ca7fab88, 0x00000000ca800000| 97%| E|  |TAMS 0x00000000ca700000| PB 0x00000000ca700000| Complete 

Card table byte_map: [0x000001dc38de0000,0x000001dc38fd0000] _byte_map_base: 0x000001dc387ca000

Marking Bits: (CMBitMap*) 0x000001dc1f627cc0
 Bits: [0x000001dc38fd0000, 0x000001dc39f20000)

Polling page: 0x000001dc295a0000

Metaspace:

Usage:
  Non-class:     50.59 MB used.
      Class:      6.40 MB used.
       Both:     56.99 MB used.

Virtual space:
  Non-class space:       64.00 MB reserved,      50.94 MB ( 80%) committed,  1 nodes.
      Class space:        1.00 GB reserved,       6.75 MB ( <1%) committed,  1 nodes.
             Both:        1.06 GB reserved,      57.69 MB (  5%) committed. 

Chunk freelists:
   Non-Class:  12.31 MB
       Class:  9.25 MB
        Both:  21.57 MB

MaxMetaspaceSize: unlimited
CompressedClassSpaceSize: 1.00 GB
Initial GC threshold: 21.00 MB
Current GC threshold: 95.88 MB
CDS: on
 - commit_granule_bytes: 65536.
 - commit_granule_words: 8192.
 - virtual_space_node_default_size: 8388608.
 - enlarge_chunks_in_place: 1.
 - use_allocation_guard: 0.


Internal statistics:

num_allocs_failed_limit: 6.
num_arena_births: 1292.
num_arena_deaths: 0.
num_vsnodes_births: 2.
num_vsnodes_deaths: 0.
num_space_committed: 921.
num_space_uncommitted: 0.
num_chunks_returned_to_freelist: 6.
num_chunks_taken_from_freelist: 3573.
num_chunk_merges: 6.
num_chunk_splits: 2659.
num_chunks_enlarged: 2051.
num_inconsistent_stats: 0.

CodeHeap 'non-profiled nmethods': size=120000Kb used=8554Kb max_used=8554Kb free=111445Kb
 bounds [0x000001dc31090000, 0x000001dc318f0000, 0x000001dc385c0000]
CodeHeap 'profiled nmethods': size=120000Kb used=34466Kb max_used=35565Kb free=85533Kb
 bounds [0x000001dc295c0000, 0x000001dc2b880000, 0x000001dc30af0000]
CodeHeap 'non-nmethods': size=5760Kb used=1601Kb max_used=1705Kb free=4158Kb
 bounds [0x000001dc30af0000, 0x000001dc30d60000, 0x000001dc31090000]
 total_blobs=11957 nmethods=11317 adapters=541
 compilation: enabled
              stopped_count=0, restarted_count=0
 full_count=0

Compilation events (20 events):
Event: 201.109 Thread 0x000001dc3c4d1910 nmethod 13457 0x000001dc2a4e0e10 code [0x000001dc2a4e0fc0, 0x000001dc2a4e11b0]
Event: 201.199 Thread 0x000001dc3c4cd8b0 13458       4       org.jetbrains.kotlin.resolve.scopes.LexicalWritableScope$Snapshot::getKind (8 bytes)
Event: 201.200 Thread 0x000001dc3c4cd8b0 nmethod 13458 0x000001dc3159fe10 code [0x000001dc3159ffa0, 0x000001dc315a0048]
Event: 201.220 Thread 0x000001dc3c4d1910 13459       3       org.jetbrains.kotlin.resolve.calls.inference.components.NewTypeSubstitutorByConstructorMap::isEmpty (10 bytes)
Event: 201.220 Thread 0x000001dc3c4d1910 nmethod 13459 0x000001dc2a56e090 code [0x000001dc2a56e240, 0x000001dc2a56e418]
Event: 201.363 Thread 0x000001dc3c4cd8b0 13460       4       org.jetbrains.kotlin.resolve.calls.components.ResolutionPartsKt::resolveKotlinArgument (572 bytes)
Event: 201.380 Thread 0x000001dc3c4d1910 13462       3       javaslang.collection.Queue::head (27 bytes)
Event: 201.380 Thread 0x000001dc3c4d1910 nmethod 13462 0x000001dc2b155390 code [0x000001dc2b155580, 0x000001dc2b1559b0]
Event: 201.380 Thread 0x000001dc3c4d1910 13463       3       javaslang.collection.Queue::tail (5 bytes)
Event: 201.381 Thread 0x000001dc3c4d1910 nmethod 13463 0x000001dc2a8a0790 code [0x000001dc2a8a0940, 0x000001dc2a8a0a98]
Event: 201.424 Thread 0x000001dc3c4d1910 13465       3       org.jetbrains.kotlin.resolve.SinceKotlinUtilKt::getSinceKotlinVersionByOverridden (250 bytes)
Event: 201.430 Thread 0x000001dc3c4d1910 nmethod 13465 0x000001dc2a825990 code [0x000001dc2a825e00, 0x000001dc2a8280e0]
Event: 201.458 Thread 0x000001dc3c4d1910 13467       3       org.jetbrains.kotlin.resolve.calls.ArgumentTypeResolver::getCallableReferenceExpressionIfAny (38 bytes)
Event: 201.460 Thread 0x000001dc3c4d1910 nmethod 13467 0x000001dc2a0b7110 code [0x000001dc2a0b7300, 0x000001dc2a0b7738]
Event: 201.463 Thread 0x000001dc3c4d1910 13468       2       org.jetbrains.kotlin.resolve.calls.model.SimpleCandidateFactory::createCandidate (289 bytes)
Event: 201.472 Thread 0x000001dc3c4d1910 nmethod 13468 0x000001dc2a2f9210 code [0x000001dc2a2f9640, 0x000001dc2a2fa778]
Event: 201.557 Thread 0x000001dc3c4d1910 13469       3       org.jetbrains.kotlin.contracts.ESVariableWithDataFlowValue::equals (6 bytes)
Event: 201.561 Thread 0x000001dc3c4d1910 nmethod 13469 0x000001dc2a169d10 code [0x000001dc2a169f00, 0x000001dc2a16a5b0]
Event: 201.561 Thread 0x000001dc3c4d1910 13470       3       org.jetbrains.kotlin.contracts.ESDataFlowValue::dataFlowEquals (35 bytes)
Event: 201.562 Thread 0x000001dc3c4d1910 nmethod 13470 0x000001dc2a402e10 code [0x000001dc2a403020, 0x000001dc2a4036e0]

GC Heap History (20 events):
Event: 101.937 GC heap before
{Heap before GC invocations=26 (full 0):
 garbage-first heap   total 89088K, used 65024K [0x00000000c2c00000, 0x0000000100000000)
  region size 1024K, 15 young (15360K), 3 survivors (3072K)
 Metaspace       used 51015K, committed 51776K, reserved 1114112K
  class space    used 6028K, committed 6400K, reserved 1048576K
}
Event: 101.971 GC heap after
{Heap after GC invocations=27 (full 0):
 garbage-first heap   total 89088K, used 54784K [0x00000000c2c00000, 0x0000000100000000)
  region size 1024K, 2 young (2048K), 2 survivors (2048K)
 Metaspace       used 51015K, committed 51776K, reserved 1114112K
  class space    used 6028K, committed 6400K, reserved 1048576K
}
Event: 105.853 GC heap before
{Heap before GC invocations=27 (full 0):
 garbage-first heap   total 89088K, used 78336K [0x00000000c2c00000, 0x0000000100000000)
  region size 1024K, 25 young (25600K), 2 survivors (2048K)
 Metaspace       used 51925K, committed 52672K, reserved 1114112K
  class space    used 6087K, committed 6464K, reserved 1048576K
}
Event: 105.882 GC heap after
{Heap after GC invocations=28 (full 0):
 garbage-first heap   total 89088K, used 56395K [0x00000000c2c00000, 0x0000000100000000)
  region size 1024K, 4 young (4096K), 4 survivors (4096K)
 Metaspace       used 51925K, committed 52672K, reserved 1114112K
  class space    used 6087K, committed 6464K, reserved 1048576K
}
Event: 115.467 GC heap before
{Heap before GC invocations=28 (full 0):
 garbage-first heap   total 89088K, used 78923K [0x00000000c2c00000, 0x0000000100000000)
  region size 1024K, 26 young (26624K), 4 survivors (4096K)
 Metaspace       used 53367K, committed 54144K, reserved 1114112K
  class space    used 6198K, committed 6592K, reserved 1048576K
}
Event: 115.511 GC heap after
{Heap after GC invocations=29 (full 0):
 garbage-first heap   total 89088K, used 58716K [0x00000000c2c00000, 0x0000000100000000)
  region size 1024K, 4 young (4096K), 4 survivors (4096K)
 Metaspace       used 53367K, committed 54144K, reserved 1114112K
  class space    used 6198K, committed 6592K, reserved 1048576K
}
Event: 123.820 GC heap before
{Heap before GC invocations=30 (full 0):
 garbage-first heap   total 99328K, used 78172K [0x00000000c2c00000, 0x0000000100000000)
  region size 1024K, 23 young (23552K), 4 survivors (4096K)
 Metaspace       used 55258K, committed 56064K, reserved 1114112K
  class space    used 6329K, committed 6720K, reserved 1048576K
}
Event: 123.868 GC heap after
{Heap after GC invocations=31 (full 0):
 garbage-first heap   total 99328K, used 60904K [0x00000000c2c00000, 0x0000000100000000)
  region size 1024K, 2 young (2048K), 2 survivors (2048K)
 Metaspace       used 55258K, committed 56064K, reserved 1114112K
  class space    used 6329K, committed 6720K, reserved 1048576K
}
Event: 134.289 GC heap before
{Heap before GC invocations=31 (full 0):
 garbage-first heap   total 99328K, used 90600K [0x00000000c2c00000, 0x0000000100000000)
  region size 1024K, 29 young (29696K), 2 survivors (2048K)
 Metaspace       used 56263K, committed 57088K, reserved 1114112K
  class space    used 6408K, committed 6784K, reserved 1048576K
}
Event: 134.326 GC heap after
{Heap after GC invocations=32 (full 0):
 garbage-first heap   total 99328K, used 66212K [0x00000000c2c00000, 0x0000000100000000)
  region size 1024K, 4 young (4096K), 4 survivors (4096K)
 Metaspace       used 56263K, committed 57088K, reserved 1114112K
  class space    used 6408K, committed 6784K, reserved 1048576K
}
Event: 144.024 GC heap before
{Heap before GC invocations=32 (full 0):
 garbage-first heap   total 99328K, used 88740K [0x00000000c2c00000, 0x0000000100000000)
  region size 1024K, 26 young (26624K), 4 survivors (4096K)
 Metaspace       used 56780K, committed 57600K, reserved 1114112K
  class space    used 6437K, committed 6848K, reserved 1048576K
}
Event: 144.071 GC heap after
{Heap after GC invocations=33 (full 0):
 garbage-first heap   total 99328K, used 69327K [0x00000000c2c00000, 0x0000000100000000)
  region size 1024K, 3 young (3072K), 3 survivors (3072K)
 Metaspace       used 56780K, committed 57600K, reserved 1114112K
  class space    used 6437K, committed 6848K, reserved 1048576K
}
Event: 149.256 GC heap before
{Heap before GC invocations=34 (full 0):
 garbage-first heap   total 116736K, used 89807K [0x00000000c2c00000, 0x0000000100000000)
  region size 1024K, 22 young (22528K), 3 survivors (3072K)
 Metaspace       used 57329K, committed 58112K, reserved 1114112K
  class space    used 6498K, committed 6912K, reserved 1048576K
}
Event: 149.275 GC heap after
{Heap after GC invocations=35 (full 0):
 garbage-first heap   total 116736K, used 71027K [0x00000000c2c00000, 0x0000000100000000)
  region size 1024K, 2 young (2048K), 2 survivors (2048K)
 Metaspace       used 57329K, committed 58112K, reserved 1114112K
  class space    used 6498K, committed 6912K, reserved 1048576K
}
Event: 176.168 GC heap before
{Heap before GC invocations=35 (full 0):
 garbage-first heap   total 116736K, used 105843K [0x00000000c2c00000, 0x0000000100000000)
  region size 1024K, 36 young (36864K), 2 survivors (2048K)
 Metaspace       used 57800K, committed 58560K, reserved 1114112K
  class space    used 6530K, committed 6912K, reserved 1048576K
}
Event: 176.611 GC heap after
{Heap after GC invocations=36 (full 0):
 garbage-first heap   total 116736K, used 72618K [0x00000000c2c00000, 0x0000000100000000)
  region size 1024K, 5 young (5120K), 5 survivors (5120K)
 Metaspace       used 57800K, committed 58560K, reserved 1114112K
  class space    used 6530K, committed 6912K, reserved 1048576K
}
Event: 188.137 GC heap before
{Heap before GC invocations=36 (full 0):
 garbage-first heap   total 116736K, used 103338K [0x00000000c2c00000, 0x0000000100000000)
  region size 1024K, 35 young (35840K), 5 survivors (5120K)
 Metaspace       used 58088K, committed 58816K, reserved 1114112K
  class space    used 6545K, committed 6912K, reserved 1048576K
}
Event: 188.229 GC heap after
{Heap after GC invocations=37 (full 0):
 garbage-first heap   total 116736K, used 74845K [0x00000000c2c00000, 0x0000000100000000)
  region size 1024K, 5 young (5120K), 5 survivors (5120K)
 Metaspace       used 58088K, committed 58816K, reserved 1114112K
  class space    used 6545K, committed 6912K, reserved 1048576K
}
Event: 199.329 GC heap before
{Heap before GC invocations=38 (full 0):
 garbage-first heap   total 126976K, used 103517K [0x00000000c2c00000, 0x0000000100000000)
  region size 1024K, 33 young (33792K), 5 survivors (5120K)
 Metaspace       used 58330K, committed 59072K, reserved 1114112K
  class space    used 6552K, committed 6912K, reserved 1048576K
}
Event: 199.498 GC heap after
{Heap after GC invocations=39 (full 0):
 garbage-first heap   total 126976K, used 76594K [0x00000000c2c00000, 0x0000000100000000)
  region size 1024K, 4 young (4096K), 4 survivors (4096K)
 Metaspace       used 58330K, committed 59072K, reserved 1114112K
  class space    used 6552K, committed 6912K, reserved 1048576K
}

Dll operation events (7 events):
Event: 0.020 Loaded shared library C:\Users\richa\Downloads\OpenJDK21U-jdk_x64_windows_hotspot_21.0.6_7\jdk-21.0.6+7\bin\java.dll
Event: 0.807 Loaded shared library C:\Users\richa\Downloads\OpenJDK21U-jdk_x64_windows_hotspot_21.0.6_7\jdk-21.0.6+7\bin\jsvml.dll
Event: 0.957 Loaded shared library C:\Users\richa\Downloads\OpenJDK21U-jdk_x64_windows_hotspot_21.0.6_7\jdk-21.0.6+7\bin\net.dll
Event: 0.966 Loaded shared library C:\Users\richa\Downloads\OpenJDK21U-jdk_x64_windows_hotspot_21.0.6_7\jdk-21.0.6+7\bin\nio.dll
Event: 1.183 Loaded shared library C:\Users\richa\Downloads\OpenJDK21U-jdk_x64_windows_hotspot_21.0.6_7\jdk-21.0.6+7\bin\zip.dll
Event: 1.841 Loaded shared library C:\Users\richa\Downloads\OpenJDK21U-jdk_x64_windows_hotspot_21.0.6_7\jdk-21.0.6+7\bin\jimage.dll
Event: 11.763 Loaded shared library C:\Users\richa\Downloads\OpenJDK21U-jdk_x64_windows_hotspot_21.0.6_7\jdk-21.0.6+7\bin\verify.dll

Deoptimization events (20 events):
Event: 196.565 Thread 0x000001dc1f5f0950 Uncommon trap: trap_request=0xffffffde fr.pc=0x000001dc317e9328 relative=0x0000000000002f08
Event: 196.565 Thread 0x000001dc1f5f0950 Uncommon trap: reason=class_check action=maybe_recompile pc=0x000001dc317e9328 method=org.jetbrains.kotlin.types.TypeSubstitutor.substituteCompoundType(Lorg/jetbrains/kotlin/types/TypeProjection;I)Lorg/jetbrains/kotlin/types/TypeProjection; @ 121 c2
Event: 196.565 Thread 0x000001dc1f5f0950 DEOPT PACKING pc=0x000001dc317e9328 sp=0x00000056c53fb530
Event: 196.565 Thread 0x000001dc1f5f0950 DEOPT UNPACKING pc=0x000001dc30b446a2 sp=0x00000056c53fb438 mode 2
Event: 197.100 Thread 0x000001dc1f5f0950 Uncommon trap: trap_request=0xffffffde fr.pc=0x000001dc31582cf0 relative=0x0000000000000d90
Event: 197.101 Thread 0x000001dc1f5f0950 Uncommon trap: reason=class_check action=maybe_recompile pc=0x000001dc31582cf0 method=org.jetbrains.kotlin.resolve.calls.tower.NewResolvedCallImpl.calculateExpectedTypeForConvertedArguments(Ljava/util/Map;Lorg/jetbrains/kotlin/resolve/calls/inference/comp
Event: 197.101 Thread 0x000001dc1f5f0950 DEOPT PACKING pc=0x000001dc31582cf0 sp=0x00000056c53f96e0
Event: 197.101 Thread 0x000001dc1f5f0950 DEOPT UNPACKING pc=0x000001dc30b446a2 sp=0x00000056c53f9690 mode 2
Event: 197.109 Thread 0x000001dc1f5f0950 Uncommon trap: trap_request=0xffffffde fr.pc=0x000001dc31582cf0 relative=0x0000000000000d90
Event: 197.109 Thread 0x000001dc1f5f0950 Uncommon trap: reason=class_check action=maybe_recompile pc=0x000001dc31582cf0 method=org.jetbrains.kotlin.resolve.calls.tower.NewResolvedCallImpl.calculateExpectedTypeForConvertedArguments(Ljava/util/Map;Lorg/jetbrains/kotlin/resolve/calls/inference/comp
Event: 197.109 Thread 0x000001dc1f5f0950 DEOPT PACKING pc=0x000001dc31582cf0 sp=0x00000056c53f96b0
Event: 197.109 Thread 0x000001dc1f5f0950 DEOPT UNPACKING pc=0x000001dc30b446a2 sp=0x00000056c53f9660 mode 2
Event: 199.533 Thread 0x000001dc1f5f0950 Uncommon trap: trap_request=0xffffffc6 fr.pc=0x000001dc31571894 relative=0x00000000000015f4
Event: 199.533 Thread 0x000001dc1f5f0950 Uncommon trap: reason=bimorphic_or_optimized_type_check action=maybe_recompile pc=0x000001dc31571894 method=org.jetbrains.kotlin.resolve.calls.model.SimpleCandidateFactory.createCandidate(Lorg/jetbrains/kotlin/descriptors/CallableDescriptor;Lorg/jetbrains
Event: 199.533 Thread 0x000001dc1f5f0950 DEOPT PACKING pc=0x000001dc31571894 sp=0x00000056c53fab10
Event: 199.533 Thread 0x000001dc1f5f0950 DEOPT UNPACKING pc=0x000001dc30b446a2 sp=0x00000056c53faac0 mode 2
Event: 201.366 Thread 0x000001dc1f5f0950 Uncommon trap: trap_request=0xffffffc6 fr.pc=0x000001dc317837e0 relative=0x0000000000000260
Event: 201.366 Thread 0x000001dc1f5f0950 Uncommon trap: reason=bimorphic_or_optimized_type_check action=maybe_recompile pc=0x000001dc317837e0 method=org.jetbrains.kotlin.builtins.KotlinBuiltIns.isConstructedFromGivenClassAndNotNullable(Lorg/jetbrains/kotlin/types/KotlinType;Lorg/jetbrains/kotlin
Event: 201.366 Thread 0x000001dc1f5f0950 DEOPT PACKING pc=0x000001dc317837e0 sp=0x00000056c53f93d0
Event: 201.366 Thread 0x000001dc1f5f0950 DEOPT UNPACKING pc=0x000001dc30b446a2 sp=0x00000056c53f9370 mode 2

Classes loaded (20 events):
Event: 78.522 Loading class jdk/internal/math/FloatingDecimal$BinaryToASCIIConverter done
Event: 78.522 Loading class jdk/internal/math/FloatingDecimal$ExceptionalBinaryToASCIIBuffer done
Event: 78.522 Loading class jdk/internal/math/FloatingDecimal$BinaryToASCIIBuffer
Event: 78.524 Loading class jdk/internal/math/FloatingDecimal$BinaryToASCIIBuffer done
Event: 78.524 Loading class jdk/internal/math/FloatingDecimal$1
Event: 78.527 Loading class jdk/internal/math/FloatingDecimal$1 done
Event: 78.527 Loading class jdk/internal/math/FloatingDecimal$PreparedASCIIToBinaryBuffer
Event: 78.527 Loading class jdk/internal/math/FloatingDecimal$ASCIIToBinaryConverter
Event: 78.527 Loading class jdk/internal/math/FloatingDecimal$ASCIIToBinaryConverter done
Event: 78.527 Loading class jdk/internal/math/FloatingDecimal$PreparedASCIIToBinaryBuffer done
Event: 114.687 Loading class java/lang/Short$ShortCache
Event: 114.702 Loading class java/lang/Short$ShortCache done
Event: 122.113 Loading class jdk/internal/math/FloatingDecimal$ASCIIToBinaryBuffer
Event: 122.120 Loading class jdk/internal/math/FloatingDecimal$ASCIIToBinaryBuffer done
Event: 164.823 Loading class java/util/regex/Pattern$Bound
Event: 165.046 Loading class java/util/regex/Pattern$Bound done
Event: 165.160 Loading class java/util/regex/Pattern$LookBehindEndNode
Event: 165.178 Loading class java/util/regex/Pattern$LookBehindEndNode done
Event: 165.222 Loading class java/util/regex/Pattern$NotBehind
Event: 165.346 Loading class java/util/regex/Pattern$NotBehind done

Classes unloaded (0 events):
No events

Classes redefined (0 events):
No events

Internal exceptions (20 events):
Event: 64.906 Thread 0x000001dc1f5f0950 Exception <a 'java/lang/NoSuchMethodError'{0x00000000c69024d8}: 'java.lang.Object java.lang.invoke.DirectMethodHandle$Holder.invokeSpecial(java.lang.Object, java.lang.Object, java.lang.Object, java.lang.Object, java.lang.Object, int)'> (0x00000000c69024d8) 
thrown [s\src\hotspot\share\interpreter\linkResolver.cpp, line 773]
Event: 64.908 Thread 0x000001dc1f5f0950 Exception <a 'java/lang/NoSuchMethodError'{0x00000000c6906208}: 'java.lang.Object java.lang.invoke.Invokers$Holder.linkToTargetMethod(java.lang.Object, java.lang.Object, java.lang.Object, int, java.lang.Object)'> (0x00000000c6906208) 
thrown [s\src\hotspot\share\interpreter\linkResolver.cpp, line 773]
Event: 65.208 Thread 0x000001dc1f5f0950 Exception <a 'java/lang/NoSuchMethodError'{0x00000000c66384c0}: 'void java.lang.invoke.DirectMethodHandle$Holder.invokeInterface(java.lang.Object, java.lang.Object)'> (0x00000000c66384c0) 
thrown [s\src\hotspot\share\interpreter\linkResolver.cpp, line 773]
Event: 67.033 Thread 0x000001dc1f5f0950 Exception <a 'java/lang/NoSuchMethodError'{0x00000000c61d2200}: 'java.lang.Object java.lang.invoke.DirectMethodHandle$Holder.newInvokeSpecial(java.lang.Object, int, java.lang.Object)'> (0x00000000c61d2200) 
thrown [s\src\hotspot\share\interpreter\linkResolver.cpp, line 773]
Event: 67.037 Thread 0x000001dc1f5f0950 Exception <a 'java/lang/NoSuchMethodError'{0x00000000c61d7dd0}: 'int java.lang.invoke.DirectMethodHandle$Holder.invokeInterface(java.lang.Object, java.lang.Object)'> (0x00000000c61d7dd0) 
thrown [s\src\hotspot\share\interpreter\linkResolver.cpp, line 773]
Event: 67.485 Thread 0x000001dc1f5f0950 Implicit null exception at 0x000001dc3122b432 to 0x000001dc3122c158
Event: 71.320 Thread 0x000001dc1f5f0950 Exception <a 'java/lang/IncompatibleClassChangeError'{0x00000000c6366f30}: Found class java.lang.Object, but interface was expected> (0x00000000c6366f30) 
thrown [s\src\hotspot\share\interpreter\linkResolver.cpp, line 840]
Event: 74.012 Thread 0x000001dc1f5f0950 Exception <a 'java/lang/NoSuchMethodError'{0x00000000c5e74650}: 'java.lang.Object java.lang.invoke.DirectMethodHandle$Holder.invokeSpecial(java.lang.Object, java.lang.Object, java.lang.Object, java.lang.Object, java.lang.Object, java.lang.Object, int)'> (0x00000000c5e74650) 
thrown [s\src\hotspot\share\interpreter\linkResolver.cpp, line 773]
Event: 77.742 Thread 0x000001dc1f5f0950 Exception <a 'java/lang/NoSuchMethodError'{0x00000000c57e03e0}: 'java.lang.Object java.lang.invoke.DirectMethodHandle$Holder.newInvokeSpecial(java.lang.Object, int, java.lang.Object, java.lang.Object)'> (0x00000000c57e03e0) 
thrown [s\src\hotspot\share\interpreter\linkResolver.cpp, line 773]
Event: 77.743 Thread 0x000001dc1f5f0950 Exception <a 'java/lang/NoSuchMethodError'{0x00000000c57e4928}: 'java.lang.Object java.lang.invoke.DirectMethodHandle$Holder.invokeSpecial(java.lang.Object, java.lang.Object, int, java.lang.Object, java.lang.Object)'> (0x00000000c57e4928) 
thrown [s\src\hotspot\share\interpreter\linkResolver.cpp, line 773]
Event: 78.118 Thread 0x000001dc1f5f0950 Exception <a 'java/lang/NoSuchMethodError'{0x00000000c56fbb00}: 'int java.lang.invoke.DirectMethodHandle$Holder.invokeStaticInit(java.lang.Object, int)'> (0x00000000c56fbb00) 
thrown [s\src\hotspot\share\interpreter\linkResolver.cpp, line 773]
Event: 80.881 Thread 0x000001dc1f5f0950 Exception <a 'java/lang/NoSuchMethodError'{0x00000000c618cc40}: 'java.lang.Object java.lang.invoke.DirectMethodHandle$Holder.invokeStatic(java.lang.Object, int, java.lang.Object)'> (0x00000000c618cc40) 
thrown [s\src\hotspot\share\interpreter\linkResolver.cpp, line 773]
Event: 102.757 Thread 0x000001dc1f5f0950 Exception <a 'java/lang/NoSuchMethodError'{0x00000000c8059398}: 'java.lang.Object java.lang.invoke.DirectMethodHandle$Holder.invokeInterface(java.lang.Object, java.lang.Object, java.lang.Object)'> (0x00000000c8059398) 
thrown [s\src\hotspot\share\interpreter\linkResolver.cpp, line 773]
Event: 102.758 Thread 0x000001dc1f5f0950 Exception <a 'java/lang/IncompatibleClassChangeError'{0x00000000c805ca40}: Found class java.lang.Object, but interface was expected> (0x00000000c805ca40) 
thrown [s\src\hotspot\share\interpreter\linkResolver.cpp, line 840]
Event: 110.149 Thread 0x000001dc1f5f0950 Implicit null exception at 0x000001dc310dd9c3 to 0x000001dc310de42c
Event: 115.853 Thread 0x000001dc1f5f0950 Implicit null exception at 0x000001dc315673e1 to 0x000001dc31569150
Event: 116.703 Thread 0x000001dc1f5f0950 Implicit null exception at 0x000001dc3140ce2d to 0x000001dc3140d948
Event: 127.458 Thread 0x000001dc1f5f0950 Implicit null exception at 0x000001dc315ff560 to 0x000001dc315ff6fc
Event: 146.578 Thread 0x000001dc1f5f0950 Implicit null exception at 0x000001dc3170a564 to 0x000001dc3170baec
Event: 186.340 Thread 0x000001dc1f5f0950 Implicit null exception at 0x000001dc31887e20 to 0x000001dc31888580

ZGC Phase Switch (0 events):
No events

VM Operations (20 events):
Event: 192.257 Executing VM operation: Cleanup
Event: 192.258 Executing VM operation: Cleanup done
Event: 193.267 Executing VM operation: Cleanup
Event: 193.283 Executing VM operation: Cleanup done
Event: 194.289 Executing VM operation: Cleanup
Event: 194.305 Executing VM operation: Cleanup done
Event: 195.314 Executing VM operation: Cleanup
Event: 195.377 Executing VM operation: Cleanup done
Event: 196.387 Executing VM operation: Cleanup
Event: 196.403 Executing VM operation: Cleanup done
Event: 197.404 Executing VM operation: Cleanup
Event: 197.435 Executing VM operation: Cleanup done
Event: 198.441 Executing VM operation: Cleanup
Event: 198.486 Executing VM operation: Cleanup done
Event: 199.329 Executing VM operation: G1CollectForAllocation (G1 Evacuation Pause)
Event: 199.498 Executing VM operation: G1CollectForAllocation (G1 Evacuation Pause) done
Event: 200.502 Executing VM operation: Cleanup
Event: 200.512 Executing VM operation: Cleanup done
Event: 201.518 Executing VM operation: Cleanup
Event: 201.533 Executing VM operation: Cleanup done

Memory protections (0 events):
No events

Nmethod flushes (20 events):
Event: 191.018 Thread 0x000001dc1f6ae800 flushing  nmethod 0x000001dc2ac8f690
Event: 191.018 Thread 0x000001dc1f6ae800 flushing  nmethod 0x000001dc2acb6710
Event: 191.018 Thread 0x000001dc1f6ae800 flushing  nmethod 0x000001dc2acc9190
Event: 191.019 Thread 0x000001dc1f6ae800 flushing  nmethod 0x000001dc2accef10
Event: 191.020 Thread 0x000001dc1f6ae800 flushing  nmethod 0x000001dc2ad41c90
Event: 191.020 Thread 0x000001dc1f6ae800 flushing  nmethod 0x000001dc2ad51790
Event: 191.020 Thread 0x000001dc1f6ae800 flushing  nmethod 0x000001dc2aec2c10
Event: 191.020 Thread 0x000001dc1f6ae800 flushing  nmethod 0x000001dc2aec5610
Event: 191.021 Thread 0x000001dc1f6ae800 flushing  nmethod 0x000001dc2aeca510
Event: 191.021 Thread 0x000001dc1f6ae800 flushing  nmethod 0x000001dc2aed4790
Event: 191.021 Thread 0x000001dc1f6ae800 flushing  nmethod 0x000001dc2af88090
Event: 191.021 Thread 0x000001dc1f6ae800 flushing  nmethod 0x000001dc2af89d90
Event: 191.021 Thread 0x000001dc1f6ae800 flushing  nmethod 0x000001dc2b098190
Event: 191.021 Thread 0x000001dc1f6ae800 flushing  nmethod 0x000001dc2b138990
Event: 191.022 Thread 0x000001dc1f6ae800 flushing  nmethod 0x000001dc2b186390
Event: 191.022 Thread 0x000001dc1f6ae800 flushing  nmethod 0x000001dc2b20f890
Event: 191.022 Thread 0x000001dc1f6ae800 flushing  nmethod 0x000001dc2b211510
Event: 191.022 Thread 0x000001dc1f6ae800 flushing  nmethod 0x000001dc2b25b910
Event: 191.022 Thread 0x000001dc1f6ae800 flushing  nmethod 0x000001dc2b262010
Event: 191.022 Thread 0x000001dc1f6ae800 flushing  nmethod 0x000001dc2b43dc10

Events (11 events):
Event: 0.188 Thread 0x000001dc1f5f0950 Thread added: 0x000001dc1f5f0950
Event: 0.566 Thread 0x000001dc1f5f0950 Thread added: 0x000001dc3c4c3fb0
Event: 0.566 Thread 0x000001dc1f5f0950 Thread added: 0x000001dc3c4c4ec0
Event: 0.567 Thread 0x000001dc1f5f0950 Thread added: 0x000001dc3c4c6b20
Event: 0.567 Thread 0x000001dc1f5f0950 Thread added: 0x000001dc3c4c9680
Event: 0.567 Thread 0x000001dc1f5f0950 Thread added: 0x000001dc3c4ca0d0
Event: 0.567 Thread 0x000001dc1f5f0950 Thread added: 0x000001dc3c4cab20
Event: 0.567 Thread 0x000001dc1f5f0950 Thread added: 0x000001dc3c4cd8b0
Event: 0.701 Thread 0x000001dc1f5f0950 Thread added: 0x000001dc3c4d1910
Event: 0.888 Thread 0x000001dc1f5f0950 Thread added: 0x000001dc3c650650
Event: 0.897 Thread 0x000001dc1f5f0950 Thread added: 0x000001dc3c653290


Dynamic libraries:
0x00007ff75ace0000 - 0x00007ff75acee000 	C:\Users\richa\Downloads\OpenJDK21U-jdk_x64_windows_hotspot_21.0.6_7\jdk-21.0.6+7\bin\java.exe
0x00007ff823710000 - 0x00007ff823927000 	C:\WINDOWS\SYSTEM32\ntdll.dll
0x00007ff822150000 - 0x00007ff822214000 	C:\WINDOWS\System32\KERNEL32.DLL
0x00007ff8209f0000 - 0x00007ff820dc0000 	C:\WINDOWS\System32\KERNELBASE.dll
0x00007ff821170000 - 0x00007ff821281000 	C:\WINDOWS\System32\ucrtbase.dll
0x00007ff815610000 - 0x00007ff815628000 	C:\Users\richa\Downloads\OpenJDK21U-jdk_x64_windows_hotspot_21.0.6_7\jdk-21.0.6+7\bin\jli.dll
0x00007ff821f90000 - 0x00007ff82213e000 	C:\WINDOWS\System32\USER32.dll
0x00007ff8209c0000 - 0x00007ff8209e6000 	C:\WINDOWS\System32\win32u.dll
0x00007ff821f60000 - 0x00007ff821f89000 	C:\WINDOWS\System32\GDI32.dll
0x00007ff820fa0000 - 0x00007ff8210bb000 	C:\WINDOWS\System32\gdi32full.dll
0x00007ff820f00000 - 0x00007ff820f9a000 	C:\WINDOWS\System32\msvcp_win.dll
0x00007ff811a60000 - 0x00007ff811a7e000 	C:\Users\richa\Downloads\OpenJDK21U-jdk_x64_windows_hotspot_21.0.6_7\jdk-21.0.6+7\bin\VCRUNTIME140.dll
0x00007ff807fc0000 - 0x00007ff808252000 	C:\WINDOWS\WinSxS\amd64_microsoft.windows.common-controls_6595b64144ccf1df_6.0.22621.4830_none_270fe7d773858e80\COMCTL32.dll
0x00007ff8214f0000 - 0x00007ff821597000 	C:\WINDOWS\System32\msvcrt.dll
0x00007ff821400000 - 0x00007ff821431000 	C:\WINDOWS\System32\IMM32.DLL
0x00007ff8156f0000 - 0x00007ff8156fc000 	C:\Users\richa\Downloads\OpenJDK21U-jdk_x64_windows_hotspot_21.0.6_7\jdk-21.0.6+7\bin\vcruntime140_1.dll
0x00007ff802c50000 - 0x00007ff802cdd000 	C:\Users\richa\Downloads\OpenJDK21U-jdk_x64_windows_hotspot_21.0.6_7\jdk-21.0.6+7\bin\msvcp140.dll
0x00007fffc5960000 - 0x00007fffc66f0000 	C:\Users\richa\Downloads\OpenJDK21U-jdk_x64_windows_hotspot_21.0.6_7\jdk-21.0.6+7\bin\server\jvm.dll
0x00007ff822c50000 - 0x00007ff822d01000 	C:\WINDOWS\System32\ADVAPI32.dll
0x00007ff822ba0000 - 0x00007ff822c47000 	C:\WINDOWS\System32\sechost.dll
0x00007ff8210c0000 - 0x00007ff8210e8000 	C:\WINDOWS\System32\bcrypt.dll
0x00007ff822770000 - 0x00007ff822884000 	C:\WINDOWS\System32\RPCRT4.dll
0x00007ff822d10000 - 0x00007ff822d81000 	C:\WINDOWS\System32\WS2_32.dll
0x00007ff820890000 - 0x00007ff8208dd000 	C:\WINDOWS\SYSTEM32\POWRPROF.dll
0x00007ff811d40000 - 0x00007ff811d74000 	C:\WINDOWS\SYSTEM32\WINMM.dll
0x00007ff8113b0000 - 0x00007ff8113ba000 	C:\WINDOWS\SYSTEM32\VERSION.dll
0x00007ff820870000 - 0x00007ff820883000 	C:\WINDOWS\SYSTEM32\UMPDC.dll
0x00007ff81fa00000 - 0x00007ff81fa18000 	C:\WINDOWS\SYSTEM32\kernel.appcore.dll
0x00007ff80ee60000 - 0x00007ff80ee6a000 	C:\Users\richa\Downloads\OpenJDK21U-jdk_x64_windows_hotspot_21.0.6_7\jdk-21.0.6+7\bin\jimage.dll
0x00007ff81b290000 - 0x00007ff81b4c2000 	C:\WINDOWS\SYSTEM32\DBGHELP.DLL
0x00007ff822230000 - 0x00007ff8225c0000 	C:\WINDOWS\System32\combase.dll
0x00007ff822890000 - 0x00007ff822967000 	C:\WINDOWS\System32\OLEAUT32.dll
0x00007ff802700000 - 0x00007ff802732000 	C:\WINDOWS\SYSTEM32\dbgcore.DLL
0x00007ff820dc0000 - 0x00007ff820e3b000 	C:\WINDOWS\System32\bcryptPrimitives.dll
0x00007ff80ebf0000 - 0x00007ff80ec0f000 	C:\Users\richa\Downloads\OpenJDK21U-jdk_x64_windows_hotspot_21.0.6_7\jdk-21.0.6+7\bin\java.dll
0x00007ff822d90000 - 0x00007ff823608000 	C:\WINDOWS\System32\SHELL32.dll
0x00007ff81e910000 - 0x00007ff81f220000 	C:\WINDOWS\SYSTEM32\windows.storage.dll
0x00007ff81e7d0000 - 0x00007ff81e90f000 	C:\WINDOWS\SYSTEM32\wintypes.dll
0x00007ff821e50000 - 0x00007ff821f5a000 	C:\WINDOWS\System32\SHCORE.dll
0x00007ff822a20000 - 0x00007ff822a7e000 	C:\WINDOWS\System32\shlwapi.dll
0x00007ff8208f0000 - 0x00007ff82091b000 	C:\WINDOWS\SYSTEM32\profapi.dll
0x00007ffff4b40000 - 0x00007ffff4c17000 	C:\Users\richa\Downloads\OpenJDK21U-jdk_x64_windows_hotspot_21.0.6_7\jdk-21.0.6+7\bin\jsvml.dll
0x00007ff80ee50000 - 0x00007ff80ee60000 	C:\Users\richa\Downloads\OpenJDK21U-jdk_x64_windows_hotspot_21.0.6_7\jdk-21.0.6+7\bin\net.dll
0x00007ff816c10000 - 0x00007ff816d3c000 	C:\WINDOWS\SYSTEM32\WINHTTP.dll
0x00007ff81fe80000 - 0x00007ff81feea000 	C:\WINDOWS\system32\mswsock.dll
0x00007ff80eb10000 - 0x00007ff80eb26000 	C:\Users\richa\Downloads\OpenJDK21U-jdk_x64_windows_hotspot_21.0.6_7\jdk-21.0.6+7\bin\nio.dll
0x00007ff80dd30000 - 0x00007ff80dd48000 	C:\Users\richa\Downloads\OpenJDK21U-jdk_x64_windows_hotspot_21.0.6_7\jdk-21.0.6+7\bin\zip.dll
0x00007ff80eba0000 - 0x00007ff80ebb0000 	C:\Users\richa\Downloads\OpenJDK21U-jdk_x64_windows_hotspot_21.0.6_7\jdk-21.0.6+7\bin\verify.dll

dbghelp: loaded successfully - version: 4.0.5 - missing functions: none
symbol engine: initialized successfully - sym options: 0x614 - pdb path: .;C:\Users\richa\Downloads\OpenJDK21U-jdk_x64_windows_hotspot_21.0.6_7\jdk-21.0.6+7\bin;C:\WINDOWS\SYSTEM32;C:\WINDOWS\WinSxS\amd64_microsoft.windows.common-controls_6595b64144ccf1df_6.0.22621.4830_none_270fe7d773858e80;C:\Users\richa\Downloads\OpenJDK21U-jdk_x64_windows_hotspot_21.0.6_7\jdk-21.0.6+7\bin\server

VM Arguments:
java_command: org.jetbrains.kotlin.cli.jvm.K2JVMCompiler @C:\Users\richa\Documents\GitHub\MusicPlayer\node_modules\react-native-gesture-handler\android\build\20250325_13298001752291796592.compiler.options
java_class_path (initial): C:\Users\richa\.gradle\caches\modules-2\files-2.1\org.jetbrains.kotlin\kotlin-compiler-embeddable\1.9.25\6e698f23ca1f74d6672827f61e92c2fe015d1b88\kotlin-compiler-embeddable-1.9.25.jar;C:\Users\richa\.gradle\caches\modules-2\files-2.1\org.jetbrains.kotlin\kotlin-stdlib\1.9.25\f700a2f2b8f0d6d0fde48f56d894dc722fb029d7\kotlin-stdlib-1.9.25.jar;C:\Users\richa\.gradle\caches\modules-2\files-2.1\org.jetbrains.kotlin\kotlin-script-runtime\1.9.25\43cdc99e4582c67c2b60f609d0e4c015d33a8e89\kotlin-script-runtime-1.9.25.jar;C:\Users\richa\.gradle\caches\modules-2\files-2.1\org.jetbrains.kotlin\kotlin-reflect\1.6.10\1cbe9c92c12a94eea200d23c2bbaedaf3daf5132\kotlin-reflect-1.6.10.jar;C:\Users\richa\.gradle\caches\modules-2\files-2.1\org.jetbrains.kotlin\kotlin-daemon-embeddable\1.9.25\3a1ebb4f98ed480e4774f45e3be215626eb3ae02\kotlin-daemon-embeddable-1.9.25.jar;C:\Users\richa\.gradle\caches\modules-2\files-2.1\org.jetbrains.intellij.deps\trove4j\1.0.20200330\3afb14d5f9ceb459d724e907a21145e8ff394f02\trove4j-1.0.20200330.jar;C:\Users\richa\.gradle\caches\modules-2\files-2.1\org.jetbrains\annotations\13.0\919f0dfe192fb4e063e7dacadee7f8bb9a2672a9\annotations-13.0.jar
Launcher Type: SUN_STANDARD

[Global flags]
     intx CICompilerCount                          = 3                                         {product} {ergonomic}
     uint ConcGCThreads                            = 1                                         {product} {ergonomic}
     uint G1ConcRefinementThreads                  = 4                                         {product} {ergonomic}
   size_t G1HeapRegionSize                         = 1048576                                   {product} {ergonomic}
    uintx GCDrainStackTargetSize                   = 64                                        {product} {ergonomic}
   size_t InitialHeapSize                          = 65011712                                  {product} {ergonomic}
   size_t MarkStackSize                            = 4194304                                   {product} {ergonomic}
   size_t MaxHeapSize                              = 1027604480                                {product} {ergonomic}
   size_t MaxNewSize                               = 616562688                                 {product} {ergonomic}
   size_t MinHeapDeltaBytes                        = 1048576                                   {product} {ergonomic}
   size_t MinHeapSize                              = 8388608                                   {product} {ergonomic}
    uintx NonNMethodCodeHeapSize                   = 5832780                                {pd product} {ergonomic}
    uintx NonProfiledCodeHeapSize                  = 122912730                              {pd product} {ergonomic}
    uintx ProfiledCodeHeapSize                     = 122912730                              {pd product} {ergonomic}
    uintx ReservedCodeCacheSize                    = 251658240                              {pd product} {ergonomic}
     bool SegmentedCodeCache                       = true                                      {product} {ergonomic}
   size_t SoftMaxHeapSize                          = 1027604480                             {manageable} {ergonomic}
     bool UseCompressedOops                        = true                           {product lp64_product} {ergonomic}
     bool UseG1GC                                  = true                                      {product} {ergonomic}
     bool UseLargePagesIndividualAllocation        = false                                  {pd product} {ergonomic}

Logging:
Log output configuration:
 #0: stdout all=warning uptime,level,tags foldmultilines=false
 #1: stderr all=off uptime,level,tags foldmultilines=false

Environment Variables:
JAVA_HOME=C:\Users\richa\Downloads\OpenJDK21U-jdk_x64_windows_hotspot_21.0.6_7\jdk-21.0.6+7
CLASSPATH=C:\Users\richa\Documents\GitHub\MusicPlayer\android\\gradle\wrapper\gradle-wrapper.jar
PATH=C:\Users\richa\Documents\GitHub\MusicPlayer\node_modules\.bin;C:\Users\richa\Documents\GitHub\MusicPlayer\node_modules\.bin;C:\Users\richa\Documents\GitHub\node_modules\.bin;C:\Users\richa\Documents\node_modules\.bin;C:\Users\richa\node_modules\.bin;C:\Users\node_modules\.bin;C:\node_modules\.bin;C:\Users\richa\AppData\Roaming\npm\node_modules\npm\node_modules\@npmcli\run-script\lib\node-gyp-bin;C:\Program Files\WindowsApps\Microsoft.PowerShell_7.5.0.0_x64__8wekyb3d8bbwe;C:\Python313\Scripts\;C:\Python313\;C:\WINDOWS\system32;C:\WINDOWS;C:\WINDOWS\System32\Wbem;C:\WINDOWS\System32\WindowsPowerShell\v1.0\;C:\WINDOWS\System32\OpenSSH\;C:\Program Files\nodejs\;C:\ProgramData\chocolatey\bin;C:\Program Files\Git\cmd;C:\Users\richa\Downloads\platform-tools-latest-windows\platform-tools;C:\Users\richa\AppData\Local\Android\Sdk\platform-tools;%ANDROID_HOME\emulator;%ANDROID_HOME\cmdline-tools\latest\bin;%ANDROID_HOME\tools;%ANDROID_HOME\tools\bin;C:\Users\richa\Downloads\OpenJDK21U-jdk_x64_windows_hotspot_21.0.6_7\jdk-21.0.6+7\bin;C:\Python313\Scripts\;C:\Python313\;C:\WINDOWS\system32;C:\WINDOWS;C:\WINDOWS\System32\Wbem;C:\WINDOWS\System32\WindowsPowerShell\v1.0\;C:\WINDOWS\System32\OpenSSH\;C:\Program Files\nodejs\;C:\ProgramData\chocolatey\bin;C:\Program Files\Git\cmd;C:\Users\richa\Downloads\platform-tools-latest-windows\platform-tools;C:\Users\richa\AppData\Local\Microsoft\WindowsApps;C:\Users\richa\AppData\Roaming\npm;C:\Users\richa\AppData\Local\Programs\Microsoft VS Code\bin;C:\Users\richa\AppData\Local\GitHubDesktop\bin;C:\Users\richa\AppData\Local\Android\Sdk\platform-tools;c:\Users\richa\.vscode\extensions\ms-python.debugpy-2025.4.1-win32-x64\bundled\scripts\noConfigScripts
USERNAME=richa
LANG=en_US.UTF-8
OS=Windows_NT
PROCESSOR_IDENTIFIER=Intel64 Family 6 Model 142 Stepping 12, GenuineIntel
TMP=C:\Users\richa\AppData\Local\Temp
TEMP=C:\Users\richa\AppData\Local\Temp




Periodic native trim disabled

---------------  S Y S T E M  ---------------

OS:
 Windows 11 , 64 bit Build 22621 (10.0.22621.4830)
OS uptime: 1 days 22:36 hours

CPU: total 4 (initial active 4) (2 cores per cpu, 2 threads per core) family 6 model 142 stepping 12 microcode 0xea, cx8, cmov, fxsr, ht, mmx, 3dnowpref, sse, sse2, sse3, ssse3, sse4.1, sse4.2, popcnt, lzcnt, tsc, tscinvbit, avx, avx2, aes, erms, clmul, bmi1, bmi2, adx, fma, vzeroupper, clflush, clflushopt, rdtscp, f16c
Processor Information for the first 4 processors :
  Max Mhz: 2592, Current Mhz: 2093, Mhz Limit: 2073

Memory: 4k page, system-wide physical 3918M (300M free)
TotalPageFile size 15694M (AvailPageFile size 41M)
current process WorkingSet (physical memory assigned to process): 187M, peak: 252M
current process commit charge ("private bytes"): 352M, peak: 365M

vm_info: OpenJDK 64-Bit Server VM (21.0.6+7-LTS) for windows-amd64 JRE (21.0.6+7-LTS), built on 2025-01-21T00:00:00Z by "admin" with MS VC++ 17.7 (VS2022)

END.
